Vulnerability ID        Package                                   Severity          Fix                          CVE Refs                Vulnerability URL                                                   Type        Feed Group        Package Path        
CVE-2017-1000408        libc-bin-2.24-11+deb9u1                   High              2.24-11+deb9u4               CVE-2017-1000408        https://security-tracker.debian.org/tracker/CVE-2017-1000408        dpkg        debian:9          pkgdb               
CVE-2017-1000408        libc6-2.24-11+deb9u1                      High              2.24-11+deb9u4               CVE-2017-1000408        https://security-tracker.debian.org/tracker/CVE-2017-1000408        dpkg        debian:9          pkgdb               
CVE-2017-1000408        multiarch-support-2.24-11+deb9u1          High              2.24-11+deb9u4               CVE-2017-1000408        https://security-tracker.debian.org/tracker/CVE-2017-1000408        dpkg        debian:9          pkgdb               
CVE-2017-14062          libidn11-1.33-1                           High              1.33-1+deb9u1                CVE-2017-14062          https://security-tracker.debian.org/tracker/CVE-2017-14062          dpkg        debian:9          pkgdb               
CVE-2017-15670          libc-bin-2.24-11+deb9u1                   High              2.24-11+deb9u4               CVE-2017-15670          https://security-tracker.debian.org/tracker/CVE-2017-15670          dpkg        debian:9          pkgdb               
CVE-2017-15670          libc6-2.24-11+deb9u1                      High              2.24-11+deb9u4               CVE-2017-15670          https://security-tracker.debian.org/tracker/CVE-2017-15670          dpkg        debian:9          pkgdb               
CVE-2017-15670          multiarch-support-2.24-11+deb9u1          High              2.24-11+deb9u4               CVE-2017-15670          https://security-tracker.debian.org/tracker/CVE-2017-15670          dpkg        debian:9          pkgdb               
CVE-2017-15804          libc-bin-2.24-11+deb9u1                   High              2.24-11+deb9u4               CVE-2017-15804          https://security-tracker.debian.org/tracker/CVE-2017-15804          dpkg        debian:9          pkgdb               
CVE-2017-15804          libc6-2.24-11+deb9u1                      High              2.24-11+deb9u4               CVE-2017-15804          https://security-tracker.debian.org/tracker/CVE-2017-15804          dpkg        debian:9          pkgdb               
CVE-2017-15804          multiarch-support-2.24-11+deb9u1          High              2.24-11+deb9u4               CVE-2017-15804          https://security-tracker.debian.org/tracker/CVE-2017-15804          dpkg        debian:9          pkgdb               
CVE-2017-16997          libc-bin-2.24-11+deb9u1                   High              2.24-11+deb9u4               CVE-2017-16997          https://security-tracker.debian.org/tracker/CVE-2017-16997          dpkg        debian:9          pkgdb               
CVE-2017-16997          libc6-2.24-11+deb9u1                      High              2.24-11+deb9u4               CVE-2017-16997          https://security-tracker.debian.org/tracker/CVE-2017-16997          dpkg        debian:9          pkgdb               
CVE-2017-16997          multiarch-support-2.24-11+deb9u1          High              2.24-11+deb9u4               CVE-2017-16997          https://security-tracker.debian.org/tracker/CVE-2017-16997          dpkg        debian:9          pkgdb               
CVE-2017-18269          libc-bin-2.24-11+deb9u1                   High              2.24-11+deb9u4               CVE-2017-18269          https://security-tracker.debian.org/tracker/CVE-2017-18269          dpkg        debian:9          pkgdb               
CVE-2017-18269          libc6-2.24-11+deb9u1                      High              2.24-11+deb9u4               CVE-2017-18269          https://security-tracker.debian.org/tracker/CVE-2017-18269          dpkg        debian:9          pkgdb               
CVE-2017-18269          multiarch-support-2.24-11+deb9u1          High              2.24-11+deb9u4               CVE-2017-18269          https://security-tracker.debian.org/tracker/CVE-2017-18269          dpkg        debian:9          pkgdb               
CVE-2018-11236          libc-bin-2.24-11+deb9u1                   High              2.24-11+deb9u4               CVE-2018-11236          https://security-tracker.debian.org/tracker/CVE-2018-11236          dpkg        debian:9          pkgdb               
CVE-2018-11236          libc6-2.24-11+deb9u1                      High              2.24-11+deb9u4               CVE-2018-11236          https://security-tracker.debian.org/tracker/CVE-2018-11236          dpkg        debian:9          pkgdb               
CVE-2018-11236          multiarch-support-2.24-11+deb9u1          High              2.24-11+deb9u4               CVE-2018-11236          https://security-tracker.debian.org/tracker/CVE-2018-11236          dpkg        debian:9          pkgdb               
CVE-2018-15686          libsystemd0-232-25+deb9u1                 High              232-25+deb9u10               CVE-2018-15686          https://security-tracker.debian.org/tracker/CVE-2018-15686          dpkg        debian:9          pkgdb               
CVE-2018-15686          libudev1-232-25+deb9u1                    High              232-25+deb9u10               CVE-2018-15686          https://security-tracker.debian.org/tracker/CVE-2018-15686          dpkg        debian:9          pkgdb               
CVE-2018-15688          libsystemd0-232-25+deb9u1                 High              232-25+deb9u6                CVE-2018-15688          https://security-tracker.debian.org/tracker/CVE-2018-15688          dpkg        debian:9          pkgdb               
CVE-2018-15688          libudev1-232-25+deb9u1                    High              232-25+deb9u6                CVE-2018-15688          https://security-tracker.debian.org/tracker/CVE-2018-15688          dpkg        debian:9          pkgdb               
CVE-2018-18311          libperl5.24-5.24.1-3+deb9u2               High              5.24.1-3+deb9u5              CVE-2018-18311          https://security-tracker.debian.org/tracker/CVE-2018-18311          dpkg        debian:9          pkgdb               
CVE-2018-18311          perl-5.24.1-3+deb9u2                      High              5.24.1-3+deb9u5              CVE-2018-18311          https://security-tracker.debian.org/tracker/CVE-2018-18311          dpkg        debian:9          pkgdb               
CVE-2018-18311          perl-base-5.24.1-3+deb9u2                 High              5.24.1-3+deb9u5              CVE-2018-18311          https://security-tracker.debian.org/tracker/CVE-2018-18311          dpkg        debian:9          pkgdb               
CVE-2018-18311          perl-modules-5.24-5.24.1-3+deb9u2         High              5.24.1-3+deb9u5              CVE-2018-18311          https://security-tracker.debian.org/tracker/CVE-2018-18311          dpkg        debian:9          pkgdb               
CVE-2018-18312          libperl5.24-5.24.1-3+deb9u2               High              5.24.1-3+deb9u5              CVE-2018-18312          https://security-tracker.debian.org/tracker/CVE-2018-18312          dpkg        debian:9          pkgdb               
CVE-2018-18312          perl-5.24.1-3+deb9u2                      High              5.24.1-3+deb9u5              CVE-2018-18312          https://security-tracker.debian.org/tracker/CVE-2018-18312          dpkg        debian:9          pkgdb               
CVE-2018-18312          perl-base-5.24.1-3+deb9u2                 High              5.24.1-3+deb9u5              CVE-2018-18312          https://security-tracker.debian.org/tracker/CVE-2018-18312          dpkg        debian:9          pkgdb               
CVE-2018-18312          perl-modules-5.24-5.24.1-3+deb9u2         High              5.24.1-3+deb9u5              CVE-2018-18312          https://security-tracker.debian.org/tracker/CVE-2018-18312          dpkg        debian:9          pkgdb               
CVE-2018-18314          libperl5.24-5.24.1-3+deb9u2               High              5.24.1-3+deb9u5              CVE-2018-18314          https://security-tracker.debian.org/tracker/CVE-2018-18314          dpkg        debian:9          pkgdb               
CVE-2018-18314          perl-5.24.1-3+deb9u2                      High              5.24.1-3+deb9u5              CVE-2018-18314          https://security-tracker.debian.org/tracker/CVE-2018-18314          dpkg        debian:9          pkgdb               
CVE-2018-18314          perl-base-5.24.1-3+deb9u2                 High              5.24.1-3+deb9u5              CVE-2018-18314          https://security-tracker.debian.org/tracker/CVE-2018-18314          dpkg        debian:9          pkgdb               
CVE-2018-18314          perl-modules-5.24-5.24.1-3+deb9u2         High              5.24.1-3+deb9u5              CVE-2018-18314          https://security-tracker.debian.org/tracker/CVE-2018-18314          dpkg        debian:9          pkgdb               
CVE-2018-6797           libperl5.24-5.24.1-3+deb9u2               High              5.24.1-3+deb9u3              CVE-2018-6797           https://security-tracker.debian.org/tracker/CVE-2018-6797           dpkg        debian:9          pkgdb               
CVE-2018-6797           perl-5.24.1-3+deb9u2                      High              5.24.1-3+deb9u3              CVE-2018-6797           https://security-tracker.debian.org/tracker/CVE-2018-6797           dpkg        debian:9          pkgdb               
CVE-2018-6797           perl-base-5.24.1-3+deb9u2                 High              5.24.1-3+deb9u3              CVE-2018-6797           https://security-tracker.debian.org/tracker/CVE-2018-6797           dpkg        debian:9          pkgdb               
CVE-2018-6797           perl-modules-5.24-5.24.1-3+deb9u2         High              5.24.1-3+deb9u3              CVE-2018-6797           https://security-tracker.debian.org/tracker/CVE-2018-6797           dpkg        debian:9          pkgdb               
CVE-2018-6913           libperl5.24-5.24.1-3+deb9u2               High              5.24.1-3+deb9u3              CVE-2018-6913           https://security-tracker.debian.org/tracker/CVE-2018-6913           dpkg        debian:9          pkgdb               
CVE-2018-6913           perl-5.24.1-3+deb9u2                      High              5.24.1-3+deb9u3              CVE-2018-6913           https://security-tracker.debian.org/tracker/CVE-2018-6913           dpkg        debian:9          pkgdb               
CVE-2018-6913           perl-base-5.24.1-3+deb9u2                 High              5.24.1-3+deb9u3              CVE-2018-6913           https://security-tracker.debian.org/tracker/CVE-2018-6913           dpkg        debian:9          pkgdb               
CVE-2018-6913           perl-modules-5.24-5.24.1-3+deb9u2         High              5.24.1-3+deb9u3              CVE-2018-6913           https://security-tracker.debian.org/tracker/CVE-2018-6913           dpkg        debian:9          pkgdb               
CVE-2018-7738           libblkid1-2.29.2-1                        High              2.29.2-1+deb9u1              CVE-2018-7738           https://security-tracker.debian.org/tracker/CVE-2018-7738           dpkg        debian:9          pkgdb               
CVE-2018-7738           libfdisk1-2.29.2-1                        High              2.29.2-1+deb9u1              CVE-2018-7738           https://security-tracker.debian.org/tracker/CVE-2018-7738           dpkg        debian:9          pkgdb               
CVE-2018-7738           libmount1-2.29.2-1                        High              2.29.2-1+deb9u1              CVE-2018-7738           https://security-tracker.debian.org/tracker/CVE-2018-7738           dpkg        debian:9          pkgdb               
CVE-2018-7738           libsmartcols1-2.29.2-1                    High              2.29.2-1+deb9u1              CVE-2018-7738           https://security-tracker.debian.org/tracker/CVE-2018-7738           dpkg        debian:9          pkgdb               
CVE-2018-7738           libuuid1-2.29.2-1                         High              2.29.2-1+deb9u1              CVE-2018-7738           https://security-tracker.debian.org/tracker/CVE-2018-7738           dpkg        debian:9          pkgdb               
CVE-2018-7738           mount-2.29.2-1                            High              2.29.2-1+deb9u1              CVE-2018-7738           https://security-tracker.debian.org/tracker/CVE-2018-7738           dpkg        debian:9          pkgdb               
CVE-2018-7738           util-linux-2.29.2-1                       High              2.29.2-1+deb9u1              CVE-2018-7738           https://security-tracker.debian.org/tracker/CVE-2018-7738           dpkg        debian:9          pkgdb               
CVE-2019-3462           apt-1.4.8                                 High              1.4.9                        CVE-2019-3462           https://security-tracker.debian.org/tracker/CVE-2019-3462           dpkg        debian:9          pkgdb               
CVE-2019-3462           libapt-pkg5.0-1.4.8                       High              1.4.9                        CVE-2019-3462           https://security-tracker.debian.org/tracker/CVE-2019-3462           dpkg        debian:9          pkgdb               
CVE-2020-10188          inetutils-ping-2:1.9.4-2+b1               High              2:1.9.4-2+deb9u1             CVE-2020-10188          https://security-tracker.debian.org/tracker/CVE-2020-10188          dpkg        debian:9          pkgdb               
CVE-2020-10878          libperl5.24-5.24.1-3+deb9u2               High              5.24.1-3+deb9u7              CVE-2020-10878          https://security-tracker.debian.org/tracker/CVE-2020-10878          dpkg        debian:9          pkgdb               
CVE-2020-10878          perl-5.24.1-3+deb9u2                      High              5.24.1-3+deb9u7              CVE-2020-10878          https://security-tracker.debian.org/tracker/CVE-2020-10878          dpkg        debian:9          pkgdb               
CVE-2020-10878          perl-base-5.24.1-3+deb9u2                 High              5.24.1-3+deb9u7              CVE-2020-10878          https://security-tracker.debian.org/tracker/CVE-2020-10878          dpkg        debian:9          pkgdb               
CVE-2020-10878          perl-modules-5.24-5.24.1-3+deb9u2         High              5.24.1-3+deb9u7              CVE-2020-10878          https://security-tracker.debian.org/tracker/CVE-2020-10878          dpkg        debian:9          pkgdb               
CVE-2018-0495           libgcrypt20-1.7.6-2+deb9u2                Low               1.7.6-2+deb9u3               CVE-2018-0495           https://security-tracker.debian.org/tracker/CVE-2018-0495           dpkg        debian:9          pkgdb               
CVE-2018-16866          libsystemd0-232-25+deb9u1                 Low               232-25+deb9u7                CVE-2018-16866          https://security-tracker.debian.org/tracker/CVE-2018-16866          dpkg        debian:9          pkgdb               
CVE-2018-16866          libudev1-232-25+deb9u1                    Low               232-25+deb9u7                CVE-2018-16866          https://security-tracker.debian.org/tracker/CVE-2018-16866          dpkg        debian:9          pkgdb               
CVE-2018-5407           libssl1.1-1.1.0f-3+deb9u1                 Low               1.1.0j-1~deb9u1              CVE-2018-5407           https://security-tracker.debian.org/tracker/CVE-2018-5407           dpkg        debian:9          pkgdb               
CVE-2019-1547           libssl1.1-1.1.0f-3+deb9u1                 Low               1.1.0l-1~deb9u1              CVE-2019-1547           https://security-tracker.debian.org/tracker/CVE-2019-1547           dpkg        debian:9          pkgdb               
CVE-2019-3815           libsystemd0-232-25+deb9u1                 Low               232-25+deb9u8                CVE-2019-3815           https://security-tracker.debian.org/tracker/CVE-2019-3815           dpkg        debian:9          pkgdb               
CVE-2019-3815           libudev1-232-25+deb9u1                    Low               232-25+deb9u8                CVE-2019-3815           https://security-tracker.debian.org/tracker/CVE-2019-3815           dpkg        debian:9          pkgdb               
CVE-2017-1000409        libc-bin-2.24-11+deb9u1                   Medium            2.24-11+deb9u4               CVE-2017-1000409        https://security-tracker.debian.org/tracker/CVE-2017-1000409        dpkg        debian:9          pkgdb               
CVE-2017-1000409        libc6-2.24-11+deb9u1                      Medium            2.24-11+deb9u4               CVE-2017-1000409        https://security-tracker.debian.org/tracker/CVE-2017-1000409        dpkg        debian:9          pkgdb               
CVE-2017-1000409        multiarch-support-2.24-11+deb9u1          Medium            2.24-11+deb9u4               CVE-2017-1000409        https://security-tracker.debian.org/tracker/CVE-2017-1000409        dpkg        debian:9          pkgdb               
CVE-2017-12133          libc-bin-2.24-11+deb9u1                   Medium            2.24-11+deb9u2               CVE-2017-12133          https://security-tracker.debian.org/tracker/CVE-2017-12133          dpkg        debian:9          pkgdb               
CVE-2017-12133          libc6-2.24-11+deb9u1                      Medium            2.24-11+deb9u2               CVE-2017-12133          https://security-tracker.debian.org/tracker/CVE-2017-12133          dpkg        debian:9          pkgdb               
CVE-2017-12133          multiarch-support-2.24-11+deb9u1          Medium            2.24-11+deb9u2               CVE-2017-12133          https://security-tracker.debian.org/tracker/CVE-2017-12133          dpkg        debian:9          pkgdb               
CVE-2017-15671          libc-bin-2.24-11+deb9u1                   Medium            2.24-11+deb9u4               CVE-2017-15671          https://security-tracker.debian.org/tracker/CVE-2017-15671          dpkg        debian:9          pkgdb               
CVE-2017-15671          libc6-2.24-11+deb9u1                      Medium            2.24-11+deb9u4               CVE-2017-15671          https://security-tracker.debian.org/tracker/CVE-2017-15671          dpkg        debian:9          pkgdb               
CVE-2017-15671          multiarch-support-2.24-11+deb9u1          Medium            2.24-11+deb9u4               CVE-2017-15671          https://security-tracker.debian.org/tracker/CVE-2017-15671          dpkg        debian:9          pkgdb               
CVE-2017-15908          libsystemd0-232-25+deb9u1                 Medium            232-25+deb9u2                CVE-2017-15908          https://security-tracker.debian.org/tracker/CVE-2017-15908          dpkg        debian:9          pkgdb               
CVE-2017-15908          libudev1-232-25+deb9u1                    Medium            232-25+deb9u2                CVE-2017-15908          https://security-tracker.debian.org/tracker/CVE-2017-15908          dpkg        debian:9          pkgdb               
CVE-2017-16879          libncursesw5-6.0+20161126-1+deb9u1        Medium            6.0+20161126-1+deb9u2        CVE-2017-16879          https://security-tracker.debian.org/tracker/CVE-2017-16879          dpkg        debian:9          pkgdb               
CVE-2017-16879          libtinfo5-6.0+20161126-1+deb9u1           Medium            6.0+20161126-1+deb9u2        CVE-2017-16879          https://security-tracker.debian.org/tracker/CVE-2017-16879          dpkg        debian:9          pkgdb               
CVE-2017-16879          ncurses-base-6.0+20161126-1+deb9u1        Medium            6.0+20161126-1+deb9u2        CVE-2017-16879          https://security-tracker.debian.org/tracker/CVE-2017-16879          dpkg        debian:9          pkgdb               
CVE-2017-16879          ncurses-bin-6.0+20161126-1+deb9u1         Medium            6.0+20161126-1+deb9u2        CVE-2017-16879          https://security-tracker.debian.org/tracker/CVE-2017-16879          dpkg        debian:9          pkgdb               
CVE-2017-17512          sensible-utils-0.0.9                      Medium            0.0.9+deb9u1                 CVE-2017-17512          https://security-tracker.debian.org/tracker/CVE-2017-17512          dpkg        debian:9          pkgdb               
CVE-2017-3738           libssl1.1-1.1.0f-3+deb9u1                 Medium            1.1.0f-3+deb9u2              CVE-2017-3738           https://security-tracker.debian.org/tracker/CVE-2017-3738           dpkg        debian:9          pkgdb               
CVE-2018-0732           libssl1.1-1.1.0f-3+deb9u1                 Medium            1.1.0j-1~deb9u1              CVE-2018-0732           https://security-tracker.debian.org/tracker/CVE-2018-0732           dpkg        debian:9          pkgdb               
CVE-2018-0733           libssl1.1-1.1.0f-3+deb9u1                 Medium            1.1.0f-3+deb9u2              CVE-2018-0733           https://security-tracker.debian.org/tracker/CVE-2018-0733           dpkg        debian:9          pkgdb               
CVE-2018-0734           libssl1.1-1.1.0f-3+deb9u1                 Medium            1.1.0j-1~deb9u1              CVE-2018-0734           https://security-tracker.debian.org/tracker/CVE-2018-0734           dpkg        debian:9          pkgdb               
CVE-2018-0735           libssl1.1-1.1.0f-3+deb9u1                 Medium            1.1.0j-1~deb9u1              CVE-2018-0735           https://security-tracker.debian.org/tracker/CVE-2018-0735           dpkg        debian:9          pkgdb               
CVE-2018-0737           libssl1.1-1.1.0f-3+deb9u1                 Medium            1.1.0j-1~deb9u1              CVE-2018-0737           https://security-tracker.debian.org/tracker/CVE-2018-0737           dpkg        debian:9          pkgdb               
CVE-2018-0739           libssl1.1-1.1.0f-3+deb9u1                 Medium            1.1.0f-3+deb9u2              CVE-2018-0739           https://security-tracker.debian.org/tracker/CVE-2018-0739           dpkg        debian:9          pkgdb               
CVE-2018-1049           libsystemd0-232-25+deb9u1                 Medium            232-25+deb9u10               CVE-2018-1049           https://security-tracker.debian.org/tracker/CVE-2018-1049           dpkg        debian:9          pkgdb               
CVE-2018-1049           libudev1-232-25+deb9u1                    Medium            232-25+deb9u10               CVE-2018-1049           https://security-tracker.debian.org/tracker/CVE-2018-1049           dpkg        debian:9          pkgdb               
CVE-2018-11237          libc-bin-2.24-11+deb9u1                   Medium            2.24-11+deb9u4               CVE-2018-11237          https://security-tracker.debian.org/tracker/CVE-2018-11237          dpkg        debian:9          pkgdb               
CVE-2018-11237          libc6-2.24-11+deb9u1                      Medium            2.24-11+deb9u4               CVE-2018-11237          https://security-tracker.debian.org/tracker/CVE-2018-11237          dpkg        debian:9          pkgdb               
CVE-2018-11237          multiarch-support-2.24-11+deb9u1          Medium            2.24-11+deb9u4               CVE-2018-11237          https://security-tracker.debian.org/tracker/CVE-2018-11237          dpkg        debian:9          pkgdb               
CVE-2018-12015          libperl5.24-5.24.1-3+deb9u2               Medium            5.24.1-3+deb9u4              CVE-2018-12015          https://security-tracker.debian.org/tracker/CVE-2018-12015          dpkg        debian:9          pkgdb               
CVE-2018-12015          perl-5.24.1-3+deb9u2                      Medium            5.24.1-3+deb9u4              CVE-2018-12015          https://security-tracker.debian.org/tracker/CVE-2018-12015          dpkg        debian:9          pkgdb               
CVE-2018-12015          perl-base-5.24.1-3+deb9u2                 Medium            5.24.1-3+deb9u4              CVE-2018-12015          https://security-tracker.debian.org/tracker/CVE-2018-12015          dpkg        debian:9          pkgdb               
CVE-2018-12015          perl-modules-5.24-5.24.1-3+deb9u2         Medium            5.24.1-3+deb9u4              CVE-2018-12015          https://security-tracker.debian.org/tracker/CVE-2018-12015          dpkg        debian:9          pkgdb               
CVE-2018-12020          gpgv-2.1.18-8~deb9u1                      Medium            2.1.18-8~deb9u2              CVE-2018-12020          https://security-tracker.debian.org/tracker/CVE-2018-12020          dpkg        debian:9          pkgdb               
CVE-2018-16864          libsystemd0-232-25+deb9u1                 Medium            232-25+deb9u7                CVE-2018-16864          https://security-tracker.debian.org/tracker/CVE-2018-16864          dpkg        debian:9          pkgdb               
CVE-2018-16864          libudev1-232-25+deb9u1                    Medium            232-25+deb9u7                CVE-2018-16864          https://security-tracker.debian.org/tracker/CVE-2018-16864          dpkg        debian:9          pkgdb               
CVE-2018-16865          libsystemd0-232-25+deb9u1                 Medium            232-25+deb9u7                CVE-2018-16865          https://security-tracker.debian.org/tracker/CVE-2018-16865          dpkg        debian:9          pkgdb               
CVE-2018-16865          libudev1-232-25+deb9u1                    Medium            232-25+deb9u7                CVE-2018-16865          https://security-tracker.debian.org/tracker/CVE-2018-16865          dpkg        debian:9          pkgdb               
CVE-2018-18313          libperl5.24-5.24.1-3+deb9u2               Medium            5.24.1-3+deb9u5              CVE-2018-18313          https://security-tracker.debian.org/tracker/CVE-2018-18313          dpkg        debian:9          pkgdb               
CVE-2018-18313          perl-5.24.1-3+deb9u2                      Medium            5.24.1-3+deb9u5              CVE-2018-18313          https://security-tracker.debian.org/tracker/CVE-2018-18313          dpkg        debian:9          pkgdb               
CVE-2018-18313          perl-base-5.24.1-3+deb9u2                 Medium            5.24.1-3+deb9u5              CVE-2018-18313          https://security-tracker.debian.org/tracker/CVE-2018-18313          dpkg        debian:9          pkgdb               
CVE-2018-18313          perl-modules-5.24-5.24.1-3+deb9u2         Medium            5.24.1-3+deb9u5              CVE-2018-18313          https://security-tracker.debian.org/tracker/CVE-2018-18313          dpkg        debian:9          pkgdb               
CVE-2018-6798           libperl5.24-5.24.1-3+deb9u2               Medium            5.24.1-3+deb9u3              CVE-2018-6798           https://security-tracker.debian.org/tracker/CVE-2018-6798           dpkg        debian:9          pkgdb               
CVE-2018-6798           perl-5.24.1-3+deb9u2                      Medium            5.24.1-3+deb9u3              CVE-2018-6798           https://security-tracker.debian.org/tracker/CVE-2018-6798           dpkg        debian:9          pkgdb               
CVE-2018-6798           perl-base-5.24.1-3+deb9u2                 Medium            5.24.1-3+deb9u3              CVE-2018-6798           https://security-tracker.debian.org/tracker/CVE-2018-6798           dpkg        debian:9          pkgdb               
CVE-2018-6798           perl-modules-5.24-5.24.1-3+deb9u2         Medium            5.24.1-3+deb9u3              CVE-2018-6798           https://security-tracker.debian.org/tracker/CVE-2018-6798           dpkg        debian:9          pkgdb               
CVE-2019-1543           libssl1.1-1.1.0f-3+deb9u1                 Medium            1.1.0k-1~deb9u1              CVE-2019-1543           https://security-tracker.debian.org/tracker/CVE-2019-1543           dpkg        debian:9          pkgdb               
CVE-2019-1563           libssl1.1-1.1.0f-3+deb9u1                 Medium            1.1.0l-1~deb9u1              CVE-2019-1563           https://security-tracker.debian.org/tracker/CVE-2019-1563           dpkg        debian:9          pkgdb               
CVE-2019-3842           libsystemd0-232-25+deb9u1                 Medium            232-25+deb9u11               CVE-2019-3842           https://security-tracker.debian.org/tracker/CVE-2019-3842           dpkg        debian:9          pkgdb               
CVE-2019-3842           libudev1-232-25+deb9u1                    Medium            232-25+deb9u11               CVE-2019-3842           https://security-tracker.debian.org/tracker/CVE-2019-3842           dpkg        debian:9          pkgdb               
CVE-2019-5094           e2fslibs-1.43.4-2                         Medium            1.43.4-2+deb9u1              CVE-2019-5094           https://security-tracker.debian.org/tracker/CVE-2019-5094           dpkg        debian:9          pkgdb               
CVE-2019-5094           e2fsprogs-1.43.4-2                        Medium            1.43.4-2+deb9u1              CVE-2019-5094           https://security-tracker.debian.org/tracker/CVE-2019-5094           dpkg        debian:9          pkgdb               
CVE-2019-5094           libcomerr2-1.43.4-2                       Medium            1.43.4-2+deb9u1              CVE-2019-5094           https://security-tracker.debian.org/tracker/CVE-2019-5094           dpkg        debian:9          pkgdb               
CVE-2019-5094           libss2-1.43.4-2                           Medium            1.43.4-2+deb9u1              CVE-2019-5094           https://security-tracker.debian.org/tracker/CVE-2019-5094           dpkg        debian:9          pkgdb               
CVE-2019-5188           e2fslibs-1.43.4-2                         Medium            1.43.4-2+deb9u2              CVE-2019-5188           https://security-tracker.debian.org/tracker/CVE-2019-5188           dpkg        debian:9          pkgdb               
CVE-2019-5188           e2fsprogs-1.43.4-2                        Medium            1.43.4-2+deb9u2              CVE-2019-5188           https://security-tracker.debian.org/tracker/CVE-2019-5188           dpkg        debian:9          pkgdb               
CVE-2019-5188           libcomerr2-1.43.4-2                       Medium            1.43.4-2+deb9u2              CVE-2019-5188           https://security-tracker.debian.org/tracker/CVE-2019-5188           dpkg        debian:9          pkgdb               
CVE-2019-5188           libss2-1.43.4-2                           Medium            1.43.4-2+deb9u2              CVE-2019-5188           https://security-tracker.debian.org/tracker/CVE-2019-5188           dpkg        debian:9          pkgdb               
CVE-2019-6454           libsystemd0-232-25+deb9u1                 Medium            232-25+deb9u9                CVE-2019-6454           https://security-tracker.debian.org/tracker/CVE-2019-6454           dpkg        debian:9          pkgdb               
CVE-2019-6454           libudev1-232-25+deb9u1                    Medium            232-25+deb9u9                CVE-2019-6454           https://security-tracker.debian.org/tracker/CVE-2019-6454           dpkg        debian:9          pkgdb               
CVE-2020-10543          libperl5.24-5.24.1-3+deb9u2               Medium            5.24.1-3+deb9u7              CVE-2020-10543          https://security-tracker.debian.org/tracker/CVE-2020-10543          dpkg        debian:9          pkgdb               
CVE-2020-10543          perl-5.24.1-3+deb9u2                      Medium            5.24.1-3+deb9u7              CVE-2020-10543          https://security-tracker.debian.org/tracker/CVE-2020-10543          dpkg        debian:9          pkgdb               
CVE-2020-10543          perl-base-5.24.1-3+deb9u2                 Medium            5.24.1-3+deb9u7              CVE-2020-10543          https://security-tracker.debian.org/tracker/CVE-2020-10543          dpkg        debian:9          pkgdb               
CVE-2020-10543          perl-modules-5.24-5.24.1-3+deb9u2         Medium            5.24.1-3+deb9u7              CVE-2020-10543          https://security-tracker.debian.org/tracker/CVE-2020-10543          dpkg        debian:9          pkgdb               
CVE-2020-12723          libperl5.24-5.24.1-3+deb9u2               Medium            5.24.1-3+deb9u7              CVE-2020-12723          https://security-tracker.debian.org/tracker/CVE-2020-12723          dpkg        debian:9          pkgdb               
CVE-2020-12723          perl-5.24.1-3+deb9u2                      Medium            5.24.1-3+deb9u7              CVE-2020-12723          https://security-tracker.debian.org/tracker/CVE-2020-12723          dpkg        debian:9          pkgdb               
CVE-2020-12723          perl-base-5.24.1-3+deb9u2                 Medium            5.24.1-3+deb9u7              CVE-2020-12723          https://security-tracker.debian.org/tracker/CVE-2020-12723          dpkg        debian:9          pkgdb               
CVE-2020-12723          perl-modules-5.24-5.24.1-3+deb9u2         Medium            5.24.1-3+deb9u7              CVE-2020-12723          https://security-tracker.debian.org/tracker/CVE-2020-12723          dpkg        debian:9          pkgdb               
CVE-2020-3810           apt-1.4.8                                 Medium            1.4.10                       CVE-2020-3810           https://security-tracker.debian.org/tracker/CVE-2020-3810           dpkg        debian:9          pkgdb               
CVE-2020-3810           libapt-pkg5.0-1.4.8                       Medium            1.4.10                       CVE-2020-3810           https://security-tracker.debian.org/tracker/CVE-2020-3810           dpkg        debian:9          pkgdb               
CVE-2005-2541           tar-1.29b-1.1                             Negligible        None                         CVE-2005-2541           https://security-tracker.debian.org/tracker/CVE-2005-2541           dpkg        debian:9          pkgdb               
CVE-2007-5686           login-1:4.4-4.1                           Negligible        None                         CVE-2007-5686           https://security-tracker.debian.org/tracker/CVE-2007-5686           dpkg        debian:9          pkgdb               
CVE-2007-5686           passwd-1:4.4-4.1                          Negligible        None                         CVE-2007-5686           https://security-tracker.debian.org/tracker/CVE-2007-5686           dpkg        debian:9          pkgdb               
CVE-2007-6755           libssl1.1-1.1.0f-3+deb9u1                 Negligible        None                         CVE-2007-6755           https://security-tracker.debian.org/tracker/CVE-2007-6755           dpkg        debian:9          pkgdb               
CVE-2010-0928           libssl1.1-1.1.0f-3+deb9u1                 Negligible        None                         CVE-2010-0928           https://security-tracker.debian.org/tracker/CVE-2010-0928           dpkg        debian:9          pkgdb               
CVE-2010-4051           libc-bin-2.24-11+deb9u1                   Negligible        None                         CVE-2010-4051           https://security-tracker.debian.org/tracker/CVE-2010-4051           dpkg        debian:9          pkgdb               
CVE-2010-4051           libc6-2.24-11+deb9u1                      Negligible        None                         CVE-2010-4051           https://security-tracker.debian.org/tracker/CVE-2010-4051           dpkg        debian:9          pkgdb               
CVE-2010-4051           multiarch-support-2.24-11+deb9u1          Negligible        None                         CVE-2010-4051           https://security-tracker.debian.org/tracker/CVE-2010-4051           dpkg        debian:9          pkgdb               
CVE-2010-4052           libc-bin-2.24-11+deb9u1                   Negligible        None                         CVE-2010-4052           https://security-tracker.debian.org/tracker/CVE-2010-4052           dpkg        debian:9          pkgdb               
CVE-2010-4052           libc6-2.24-11+deb9u1                      Negligible        None                         CVE-2010-4052           https://security-tracker.debian.org/tracker/CVE-2010-4052           dpkg        debian:9          pkgdb               
CVE-2010-4052           multiarch-support-2.24-11+deb9u1          Negligible        None                         CVE-2010-4052           https://security-tracker.debian.org/tracker/CVE-2010-4052           dpkg        debian:9          pkgdb               
CVE-2010-4756           libc-bin-2.24-11+deb9u1                   Negligible        None                         CVE-2010-4756           https://security-tracker.debian.org/tracker/CVE-2010-4756           dpkg        debian:9          pkgdb               
CVE-2010-4756           libc6-2.24-11+deb9u1                      Negligible        None                         CVE-2010-4756           https://security-tracker.debian.org/tracker/CVE-2010-4756           dpkg        debian:9          pkgdb               
CVE-2010-4756           multiarch-support-2.24-11+deb9u1          Negligible        None                         CVE-2010-4756           https://security-tracker.debian.org/tracker/CVE-2010-4756           dpkg        debian:9          pkgdb               
CVE-2011-3374           apt-1.4.8                                 Negligible        None                         CVE-2011-3374           https://security-tracker.debian.org/tracker/CVE-2011-3374           dpkg        debian:9          pkgdb               
CVE-2011-3374           libapt-pkg5.0-1.4.8                       Negligible        None                         CVE-2011-3374           https://security-tracker.debian.org/tracker/CVE-2011-3374           dpkg        debian:9          pkgdb               
CVE-2011-4116           libperl5.24-5.24.1-3+deb9u2               Negligible        None                         CVE-2011-4116           https://security-tracker.debian.org/tracker/CVE-2011-4116           dpkg        debian:9          pkgdb               
CVE-2011-4116           perl-5.24.1-3+deb9u2                      Negligible        None                         CVE-2011-4116           https://security-tracker.debian.org/tracker/CVE-2011-4116           dpkg        debian:9          pkgdb               
CVE-2011-4116           perl-base-5.24.1-3+deb9u2                 Negligible        None                         CVE-2011-4116           https://security-tracker.debian.org/tracker/CVE-2011-4116           dpkg        debian:9          pkgdb               
CVE-2011-4116           perl-modules-5.24-5.24.1-3+deb9u2         Negligible        None                         CVE-2011-4116           https://security-tracker.debian.org/tracker/CVE-2011-4116           dpkg        debian:9          pkgdb               
CVE-2013-4235           login-1:4.4-4.1                           Negligible        None                         CVE-2013-4235           https://security-tracker.debian.org/tracker/CVE-2013-4235           dpkg        debian:9          pkgdb               
CVE-2013-4235           passwd-1:4.4-4.1                          Negligible        None                         CVE-2013-4235           https://security-tracker.debian.org/tracker/CVE-2013-4235           dpkg        debian:9          pkgdb               
CVE-2013-4392           libsystemd0-232-25+deb9u1                 Negligible        None                         CVE-2013-4392           https://security-tracker.debian.org/tracker/CVE-2013-4392           dpkg        debian:9          pkgdb               
CVE-2013-4392           libudev1-232-25+deb9u1                    Negligible        None                         CVE-2013-4392           https://security-tracker.debian.org/tracker/CVE-2013-4392           dpkg        debian:9          pkgdb               
CVE-2015-8985           libc-bin-2.24-11+deb9u1                   Negligible        None                         CVE-2015-8985           https://security-tracker.debian.org/tracker/CVE-2015-8985           dpkg        debian:9          pkgdb               
CVE-2015-8985           libc6-2.24-11+deb9u1                      Negligible        None                         CVE-2015-8985           https://security-tracker.debian.org/tracker/CVE-2015-8985           dpkg        debian:9          pkgdb               
CVE-2015-8985           multiarch-support-2.24-11+deb9u1          Negligible        None                         CVE-2015-8985           https://security-tracker.debian.org/tracker/CVE-2015-8985           dpkg        debian:9          pkgdb               
CVE-2017-1000082        libsystemd0-232-25+deb9u1                 Negligible        None                         CVE-2017-1000082        https://security-tracker.debian.org/tracker/CVE-2017-1000082        dpkg        debian:9          pkgdb               
CVE-2017-1000082        libudev1-232-25+deb9u1                    Negligible        None                         CVE-2017-1000082        https://security-tracker.debian.org/tracker/CVE-2017-1000082        dpkg        debian:9          pkgdb               
CVE-2017-11164          libpcre3-2:8.39-3                         Negligible        None                         CVE-2017-11164          https://security-tracker.debian.org/tracker/CVE-2017-11164          dpkg        debian:9          pkgdb               
CVE-2017-16231          libpcre3-2:8.39-3                         Negligible        None                         CVE-2017-16231          https://security-tracker.debian.org/tracker/CVE-2017-16231          dpkg        debian:9          pkgdb               
CVE-2017-18018          coreutils-8.26-3                          Negligible        None                         CVE-2017-18018          https://security-tracker.debian.org/tracker/CVE-2017-18018          dpkg        debian:9          pkgdb               
CVE-2017-18078          libsystemd0-232-25+deb9u1                 Negligible        None                         CVE-2017-18078          https://security-tracker.debian.org/tracker/CVE-2017-18078          dpkg        debian:9          pkgdb               
CVE-2017-18078          libudev1-232-25+deb9u1                    Negligible        None                         CVE-2017-18078          https://security-tracker.debian.org/tracker/CVE-2017-18078          dpkg        debian:9          pkgdb               
CVE-2017-7245           libpcre3-2:8.39-3                         Negligible        None                         CVE-2017-7245           https://security-tracker.debian.org/tracker/CVE-2017-7245           dpkg        debian:9          pkgdb               
CVE-2017-7246           libpcre3-2:8.39-3                         Negligible        None                         CVE-2017-7246           https://security-tracker.debian.org/tracker/CVE-2017-7246           dpkg        debian:9          pkgdb               
CVE-2018-20796          libc-bin-2.24-11+deb9u1                   Negligible        None                         CVE-2018-20796          https://security-tracker.debian.org/tracker/CVE-2018-20796          dpkg        debian:9          pkgdb               
CVE-2018-20796          libc6-2.24-11+deb9u1                      Negligible        None                         CVE-2018-20796          https://security-tracker.debian.org/tracker/CVE-2018-20796          dpkg        debian:9          pkgdb               
CVE-2018-20796          multiarch-support-2.24-11+deb9u1          Negligible        None                         CVE-2018-20796          https://security-tracker.debian.org/tracker/CVE-2018-20796          dpkg        debian:9          pkgdb               
CVE-2018-6829           libgcrypt20-1.7.6-2+deb9u2                Negligible        None                         CVE-2018-6829           https://security-tracker.debian.org/tracker/CVE-2018-6829           dpkg        debian:9          pkgdb               
CVE-2019-1010022        libc-bin-2.24-11+deb9u1                   Negligible        None                         CVE-2019-1010022        https://security-tracker.debian.org/tracker/CVE-2019-1010022        dpkg        debian:9          pkgdb               
CVE-2019-1010022        libc6-2.24-11+deb9u1                      Negligible        None                         CVE-2019-1010022        https://security-tracker.debian.org/tracker/CVE-2019-1010022        dpkg        debian:9          pkgdb               
CVE-2019-1010022        multiarch-support-2.24-11+deb9u1          Negligible        None                         CVE-2019-1010022        https://security-tracker.debian.org/tracker/CVE-2019-1010022        dpkg        debian:9          pkgdb               
CVE-2019-1010023        libc-bin-2.24-11+deb9u1                   Negligible        None                         CVE-2019-1010023        https://security-tracker.debian.org/tracker/CVE-2019-1010023        dpkg        debian:9          pkgdb               
CVE-2019-1010023        libc6-2.24-11+deb9u1                      Negligible        None                         CVE-2019-1010023        https://security-tracker.debian.org/tracker/CVE-2019-1010023        dpkg        debian:9          pkgdb               
CVE-2019-1010023        multiarch-support-2.24-11+deb9u1          Negligible        None                         CVE-2019-1010023        https://security-tracker.debian.org/tracker/CVE-2019-1010023        dpkg        debian:9          pkgdb               
CVE-2019-1010024        libc-bin-2.24-11+deb9u1                   Negligible        None                         CVE-2019-1010024        https://security-tracker.debian.org/tracker/CVE-2019-1010024        dpkg        debian:9          pkgdb               
CVE-2019-1010024        libc6-2.24-11+deb9u1                      Negligible        None                         CVE-2019-1010024        https://security-tracker.debian.org/tracker/CVE-2019-1010024        dpkg        debian:9          pkgdb               
CVE-2019-1010024        multiarch-support-2.24-11+deb9u1          Negligible        None                         CVE-2019-1010024        https://security-tracker.debian.org/tracker/CVE-2019-1010024        dpkg        debian:9          pkgdb               
CVE-2019-1010025        libc-bin-2.24-11+deb9u1                   Negligible        None                         CVE-2019-1010025        https://security-tracker.debian.org/tracker/CVE-2019-1010025        dpkg        debian:9          pkgdb               
CVE-2019-1010025        libc6-2.24-11+deb9u1                      Negligible        None                         CVE-2019-1010025        https://security-tracker.debian.org/tracker/CVE-2019-1010025        dpkg        debian:9          pkgdb               
CVE-2019-1010025        multiarch-support-2.24-11+deb9u1          Negligible        None                         CVE-2019-1010025        https://security-tracker.debian.org/tracker/CVE-2019-1010025        dpkg        debian:9          pkgdb               
CVE-2019-18276          bash-4.4-5                                Negligible        None                         CVE-2019-18276          https://security-tracker.debian.org/tracker/CVE-2019-18276          dpkg        debian:9          pkgdb               
CVE-2019-19882          login-1:4.4-4.1                           Negligible        None                         CVE-2019-19882          https://security-tracker.debian.org/tracker/CVE-2019-19882          dpkg        debian:9          pkgdb               
CVE-2019-19882          passwd-1:4.4-4.1                          Negligible        None                         CVE-2019-19882          https://security-tracker.debian.org/tracker/CVE-2019-19882          dpkg        debian:9          pkgdb               
CVE-2019-20386          libsystemd0-232-25+deb9u1                 Negligible        None                         CVE-2019-20386          https://security-tracker.debian.org/tracker/CVE-2019-20386          dpkg        debian:9          pkgdb               
CVE-2019-20386          libudev1-232-25+deb9u1                    Negligible        None                         CVE-2019-20386          https://security-tracker.debian.org/tracker/CVE-2019-20386          dpkg        debian:9          pkgdb               
CVE-2019-20838          libpcre3-2:8.39-3                         Negligible        None                         CVE-2019-20838          https://security-tracker.debian.org/tracker/CVE-2019-20838          dpkg        debian:9          pkgdb               
CVE-2019-6488           libc-bin-2.24-11+deb9u1                   Negligible        None                         CVE-2019-6488           https://security-tracker.debian.org/tracker/CVE-2019-6488           dpkg        debian:9          pkgdb               
CVE-2019-6488           libc6-2.24-11+deb9u1                      Negligible        None                         CVE-2019-6488           https://security-tracker.debian.org/tracker/CVE-2019-6488           dpkg        debian:9          pkgdb               
CVE-2019-6488           multiarch-support-2.24-11+deb9u1          Negligible        None                         CVE-2019-6488           https://security-tracker.debian.org/tracker/CVE-2019-6488           dpkg        debian:9          pkgdb               
CVE-2019-7148           libelf1-0.168-1                           Negligible        None                         CVE-2019-7148           https://security-tracker.debian.org/tracker/CVE-2019-7148           dpkg        debian:9          pkgdb               
CVE-2019-7309           libc-bin-2.24-11+deb9u1                   Negligible        None                         CVE-2019-7309           https://security-tracker.debian.org/tracker/CVE-2019-7309           dpkg        debian:9          pkgdb               
CVE-2019-7309           libc6-2.24-11+deb9u1                      Negligible        None                         CVE-2019-7309           https://security-tracker.debian.org/tracker/CVE-2019-7309           dpkg        debian:9          pkgdb               
CVE-2019-7309           multiarch-support-2.24-11+deb9u1          Negligible        None                         CVE-2019-7309           https://security-tracker.debian.org/tracker/CVE-2019-7309           dpkg        debian:9          pkgdb               
CVE-2019-9192           libc-bin-2.24-11+deb9u1                   Negligible        None                         CVE-2019-9192           https://security-tracker.debian.org/tracker/CVE-2019-9192           dpkg        debian:9          pkgdb               
CVE-2019-9192           libc6-2.24-11+deb9u1                      Negligible        None                         CVE-2019-9192           https://security-tracker.debian.org/tracker/CVE-2019-9192           dpkg        debian:9          pkgdb               
CVE-2019-9192           multiarch-support-2.24-11+deb9u1          Negligible        None                         CVE-2019-9192           https://security-tracker.debian.org/tracker/CVE-2019-9192           dpkg        debian:9          pkgdb               
CVE-2019-9923           tar-1.29b-1.1                             Negligible        None                         CVE-2019-9923           https://security-tracker.debian.org/tracker/CVE-2019-9923           dpkg        debian:9          pkgdb               
CVE-2020-13776          libsystemd0-232-25+deb9u1                 Negligible        None                         CVE-2020-13776          https://security-tracker.debian.org/tracker/CVE-2020-13776          dpkg        debian:9          pkgdb               
CVE-2020-13776          libudev1-232-25+deb9u1                    Negligible        None                         CVE-2020-13776          https://security-tracker.debian.org/tracker/CVE-2020-13776          dpkg        debian:9          pkgdb               
