Vulnerability ID        Package                                     Severity          Fix                      CVE Refs              Vulnerability URL                                                 Type        Feed Group        Package Path        
CVE-2014-3512           libssl1.0.0-1.0.1e-2                        High              1.0.1e-2+deb7u12         CVE-2014-3512         https://security-tracker.debian.org/tracker/CVE-2014-3512         dpkg        debian:7          pkgdb               
CVE-2014-3512           openssl-1.0.1e-2                            High              1.0.1e-2+deb7u12         CVE-2014-3512         https://security-tracker.debian.org/tracker/CVE-2014-3512         dpkg        debian:7          pkgdb               
CVE-2014-3513           libssl1.0.0-1.0.1e-2                        High              1.0.1e-2+deb7u13         CVE-2014-3513         https://security-tracker.debian.org/tracker/CVE-2014-3513         dpkg        debian:7          pkgdb               
CVE-2014-3513           openssl-1.0.1e-2                            High              1.0.1e-2+deb7u13         CVE-2014-3513         https://security-tracker.debian.org/tracker/CVE-2014-3513         dpkg        debian:7          pkgdb               
CVE-2014-3567           libssl1.0.0-1.0.1e-2                        High              1.0.1e-2+deb7u13         CVE-2014-3567         https://security-tracker.debian.org/tracker/CVE-2014-3567         dpkg        debian:7          pkgdb               
CVE-2014-3567           openssl-1.0.1e-2                            High              1.0.1e-2+deb7u13         CVE-2014-3567         https://security-tracker.debian.org/tracker/CVE-2014-3567         dpkg        debian:7          pkgdb               
CVE-2014-8176           libssl1.0.0-1.0.1e-2                        High              1.0.1e-2+deb7u17         CVE-2014-8176         https://security-tracker.debian.org/tracker/CVE-2014-8176         dpkg        debian:7          pkgdb               
CVE-2014-8176           openssl-1.0.1e-2                            High              1.0.1e-2+deb7u17         CVE-2014-8176         https://security-tracker.debian.org/tracker/CVE-2014-8176         dpkg        debian:7          pkgdb               
CVE-2015-0292           libssl1.0.0-1.0.1e-2                        High              1.0.1e-2+deb7u15         CVE-2015-0292         https://security-tracker.debian.org/tracker/CVE-2015-0292         dpkg        debian:7          pkgdb               
CVE-2015-0292           openssl-1.0.1e-2                            High              1.0.1e-2+deb7u15         CVE-2015-0292         https://security-tracker.debian.org/tracker/CVE-2015-0292         dpkg        debian:7          pkgdb               
CVE-2016-0705           libssl1.0.0-1.0.1e-2                        High              1.0.1e-2+deb7u20         CVE-2016-0705         https://security-tracker.debian.org/tracker/CVE-2016-0705         dpkg        debian:7          pkgdb               
CVE-2016-0705           openssl-1.0.1e-2                            High              1.0.1e-2+deb7u20         CVE-2016-0705         https://security-tracker.debian.org/tracker/CVE-2016-0705         dpkg        debian:7          pkgdb               
CVE-2016-0798           libssl1.0.0-1.0.1e-2                        High              1.0.1e-2+deb7u20         CVE-2016-0798         https://security-tracker.debian.org/tracker/CVE-2016-0798         dpkg        debian:7          pkgdb               
CVE-2016-0798           openssl-1.0.1e-2                            High              1.0.1e-2+deb7u20         CVE-2016-0798         https://security-tracker.debian.org/tracker/CVE-2016-0798         dpkg        debian:7          pkgdb               
CVE-2016-0799           libssl1.0.0-1.0.1e-2                        High              1.0.1e-2+deb7u20         CVE-2016-0799         https://security-tracker.debian.org/tracker/CVE-2016-0799         dpkg        debian:7          pkgdb               
CVE-2016-0799           openssl-1.0.1e-2                            High              1.0.1e-2+deb7u20         CVE-2016-0799         https://security-tracker.debian.org/tracker/CVE-2016-0799         dpkg        debian:7          pkgdb               
CVE-2016-2108           libssl1.0.0-1.0.1e-2                        High              1.0.1e-2+deb7u21         CVE-2016-2108         https://security-tracker.debian.org/tracker/CVE-2016-2108         dpkg        debian:7          pkgdb               
CVE-2016-2108           openssl-1.0.1e-2                            High              1.0.1e-2+deb7u21         CVE-2016-2108         https://security-tracker.debian.org/tracker/CVE-2016-2108         dpkg        debian:7          pkgdb               
CVE-2016-2109           libssl1.0.0-1.0.1e-2                        High              1.0.1e-2+deb7u21         CVE-2016-2109         https://security-tracker.debian.org/tracker/CVE-2016-2109         dpkg        debian:7          pkgdb               
CVE-2016-2109           openssl-1.0.1e-2                            High              1.0.1e-2+deb7u21         CVE-2016-2109         https://security-tracker.debian.org/tracker/CVE-2016-2109         dpkg        debian:7          pkgdb               
CVE-2016-2177           libssl1.0.0-1.0.1e-2                        High              1.0.1t-1+deb7u1          CVE-2016-2177         https://security-tracker.debian.org/tracker/CVE-2016-2177         dpkg        debian:7          pkgdb               
CVE-2016-2177           openssl-1.0.1e-2                            High              1.0.1t-1+deb7u1          CVE-2016-2177         https://security-tracker.debian.org/tracker/CVE-2016-2177         dpkg        debian:7          pkgdb               
CVE-2016-2182           libssl1.0.0-1.0.1e-2                        High              1.0.1t-1+deb7u1          CVE-2016-2182         https://security-tracker.debian.org/tracker/CVE-2016-2182         dpkg        debian:7          pkgdb               
CVE-2016-2182           openssl-1.0.1e-2                            High              1.0.1t-1+deb7u1          CVE-2016-2182         https://security-tracker.debian.org/tracker/CVE-2016-2182         dpkg        debian:7          pkgdb               
CVE-2016-2842           libssl1.0.0-1.0.1e-2                        High              1.0.1e-2+deb7u20         CVE-2016-2842         https://security-tracker.debian.org/tracker/CVE-2016-2842         dpkg        debian:7          pkgdb               
CVE-2016-2842           openssl-1.0.1e-2                            High              1.0.1e-2+deb7u20         CVE-2016-2842         https://security-tracker.debian.org/tracker/CVE-2016-2842         dpkg        debian:7          pkgdb               
CVE-2016-6303           libssl1.0.0-1.0.1e-2                        High              1.0.1t-1+deb7u1          CVE-2016-6303         https://security-tracker.debian.org/tracker/CVE-2016-6303         dpkg        debian:7          pkgdb               
CVE-2016-6303           openssl-1.0.1e-2                            High              1.0.1t-1+deb7u1          CVE-2016-6303         https://security-tracker.debian.org/tracker/CVE-2016-6303         dpkg        debian:7          pkgdb               
CVE-2016-6304           libssl1.0.0-1.0.1e-2                        High              1.0.1t-1+deb7u1          CVE-2016-6304         https://security-tracker.debian.org/tracker/CVE-2016-6304         dpkg        debian:7          pkgdb               
CVE-2016-6304           openssl-1.0.1e-2                            High              1.0.1t-1+deb7u1          CVE-2016-6304         https://security-tracker.debian.org/tracker/CVE-2016-6304         dpkg        debian:7          pkgdb               
CVE-2018-6913           perl-5.14.2-21+deb7u5                       High              5.14.2-21+deb7u6         CVE-2018-6913         https://security-tracker.debian.org/tracker/CVE-2018-6913         dpkg        debian:7          pkgdb               
CVE-2018-6913           perl-base-5.14.2-21+deb7u5                  High              5.14.2-21+deb7u6         CVE-2018-6913         https://security-tracker.debian.org/tracker/CVE-2018-6913         dpkg        debian:7          pkgdb               
CVE-2018-6913           perl-modules-5.14.2-21+deb7u5               High              5.14.2-21+deb7u6         CVE-2018-6913         https://security-tracker.debian.org/tracker/CVE-2018-6913         dpkg        debian:7          pkgdb               
CVE-2012-4929           libssl1.0.0-1.0.1e-2                        Low               1.0.1e-2+deb7u11         CVE-2012-4929         https://security-tracker.debian.org/tracker/CVE-2012-4929         dpkg        debian:7          pkgdb               
CVE-2012-4929           openssl-1.0.1e-2                            Low               1.0.1e-2+deb7u11         CVE-2012-4929         https://security-tracker.debian.org/tracker/CVE-2012-4929         dpkg        debian:7          pkgdb               
CVE-2014-0076           libssl1.0.0-1.0.1e-2                        Low               1.0.1e-2+deb7u7          CVE-2014-0076         https://security-tracker.debian.org/tracker/CVE-2014-0076         dpkg        debian:7          pkgdb               
CVE-2014-0076           openssl-1.0.1e-2                            Low               1.0.1e-2+deb7u7          CVE-2014-0076         https://security-tracker.debian.org/tracker/CVE-2014-0076         dpkg        debian:7          pkgdb               
CVE-2016-0702           libssl1.0.0-1.0.1e-2                        Low               1.0.1e-2+deb7u20         CVE-2016-0702         https://security-tracker.debian.org/tracker/CVE-2016-0702         dpkg        debian:7          pkgdb               
CVE-2016-0702           openssl-1.0.1e-2                            Low               1.0.1e-2+deb7u20         CVE-2016-0702         https://security-tracker.debian.org/tracker/CVE-2016-0702         dpkg        debian:7          pkgdb               
CVE-2016-2107           libssl1.0.0-1.0.1e-2                        Low               1.0.1e-2+deb7u21         CVE-2016-2107         https://security-tracker.debian.org/tracker/CVE-2016-2107         dpkg        debian:7          pkgdb               
CVE-2016-2107           openssl-1.0.1e-2                            Low               1.0.1e-2+deb7u21         CVE-2016-2107         https://security-tracker.debian.org/tracker/CVE-2016-2107         dpkg        debian:7          pkgdb               
CVE-2016-2178           libssl1.0.0-1.0.1e-2                        Low               1.0.1t-1+deb7u1          CVE-2016-2178         https://security-tracker.debian.org/tracker/CVE-2016-2178         dpkg        debian:7          pkgdb               
CVE-2016-2178           openssl-1.0.1e-2                            Low               1.0.1t-1+deb7u1          CVE-2016-2178         https://security-tracker.debian.org/tracker/CVE-2016-2178         dpkg        debian:7          pkgdb               
CVE-2017-12613          libapr1-1.4.6-3+deb7u1                      Low               1.4.6-3+deb7u2           CVE-2017-12613        https://security-tracker.debian.org/tracker/CVE-2017-12613        dpkg        debian:7          pkgdb               
CVE-2017-12618          libaprutil1-1.4.1-3                         Low               1.4.1-3+deb7u1           CVE-2017-12618        https://security-tracker.debian.org/tracker/CVE-2017-12618        dpkg        debian:7          pkgdb               
CVE-2017-12618          libaprutil1-dbd-sqlite3-1.4.1-3             Low               1.4.1-3+deb7u1           CVE-2017-12618        https://security-tracker.debian.org/tracker/CVE-2017-12618        dpkg        debian:7          pkgdb               
CVE-2017-12618          libaprutil1-ldap-1.4.1-3                    Low               1.4.1-3+deb7u1           CVE-2017-12618        https://security-tracker.debian.org/tracker/CVE-2017-12618        dpkg        debian:7          pkgdb               
CVE-2010-5298           libssl1.0.0-1.0.1e-2                        Medium            1.0.1e-2+deb7u7          CVE-2010-5298         https://security-tracker.debian.org/tracker/CVE-2010-5298         dpkg        debian:7          pkgdb               
CVE-2010-5298           openssl-1.0.1e-2                            Medium            1.0.1e-2+deb7u7          CVE-2010-5298         https://security-tracker.debian.org/tracker/CVE-2010-5298         dpkg        debian:7          pkgdb               
CVE-2011-3389           libgnutls26-2.12.20-8+deb7u5                Medium            None                     CVE-2011-3389         https://security-tracker.debian.org/tracker/CVE-2011-3389         dpkg        debian:7          pkgdb               
CVE-2013-4353           libssl1.0.0-1.0.1e-2                        Medium            1.0.1e-2+deb7u3          CVE-2013-4353         https://security-tracker.debian.org/tracker/CVE-2013-4353         dpkg        debian:7          pkgdb               
CVE-2013-4353           openssl-1.0.1e-2                            Medium            1.0.1e-2+deb7u3          CVE-2013-4353         https://security-tracker.debian.org/tracker/CVE-2013-4353         dpkg        debian:7          pkgdb               
CVE-2013-6449           libssl1.0.0-1.0.1e-2                        Medium            1.0.1e-2+deb7u1          CVE-2013-6449         https://security-tracker.debian.org/tracker/CVE-2013-6449         dpkg        debian:7          pkgdb               
CVE-2013-6449           openssl-1.0.1e-2                            Medium            1.0.1e-2+deb7u1          CVE-2013-6449         https://security-tracker.debian.org/tracker/CVE-2013-6449         dpkg        debian:7          pkgdb               
CVE-2013-6450           libssl1.0.0-1.0.1e-2                        Medium            1.0.1e-2+deb7u1          CVE-2013-6450         https://security-tracker.debian.org/tracker/CVE-2013-6450         dpkg        debian:7          pkgdb               
CVE-2013-6450           openssl-1.0.1e-2                            Medium            1.0.1e-2+deb7u1          CVE-2013-6450         https://security-tracker.debian.org/tracker/CVE-2013-6450         dpkg        debian:7          pkgdb               
CVE-2014-0160           libssl1.0.0-1.0.1e-2                        Medium            1.0.1e-2+deb7u5          CVE-2014-0160         https://security-tracker.debian.org/tracker/CVE-2014-0160         dpkg        debian:7          pkgdb               
CVE-2014-0160           openssl-1.0.1e-2                            Medium            1.0.1e-2+deb7u5          CVE-2014-0160         https://security-tracker.debian.org/tracker/CVE-2014-0160         dpkg        debian:7          pkgdb               
CVE-2014-0195           libssl1.0.0-1.0.1e-2                        Medium            1.0.1e-2+deb7u10         CVE-2014-0195         https://security-tracker.debian.org/tracker/CVE-2014-0195         dpkg        debian:7          pkgdb               
CVE-2014-0195           openssl-1.0.1e-2                            Medium            1.0.1e-2+deb7u10         CVE-2014-0195         https://security-tracker.debian.org/tracker/CVE-2014-0195         dpkg        debian:7          pkgdb               
CVE-2014-0198           libssl1.0.0-1.0.1e-2                        Medium            1.0.1e-2+deb7u9          CVE-2014-0198         https://security-tracker.debian.org/tracker/CVE-2014-0198         dpkg        debian:7          pkgdb               
CVE-2014-0198           openssl-1.0.1e-2                            Medium            1.0.1e-2+deb7u9          CVE-2014-0198         https://security-tracker.debian.org/tracker/CVE-2014-0198         dpkg        debian:7          pkgdb               
CVE-2014-0221           libssl1.0.0-1.0.1e-2                        Medium            1.0.1e-2+deb7u10         CVE-2014-0221         https://security-tracker.debian.org/tracker/CVE-2014-0221         dpkg        debian:7          pkgdb               
CVE-2014-0221           openssl-1.0.1e-2                            Medium            1.0.1e-2+deb7u10         CVE-2014-0221         https://security-tracker.debian.org/tracker/CVE-2014-0221         dpkg        debian:7          pkgdb               
CVE-2014-0224           libssl1.0.0-1.0.1e-2                        Medium            1.0.1e-2+deb7u10         CVE-2014-0224         https://security-tracker.debian.org/tracker/CVE-2014-0224         dpkg        debian:7          pkgdb               
CVE-2014-0224           openssl-1.0.1e-2                            Medium            1.0.1e-2+deb7u10         CVE-2014-0224         https://security-tracker.debian.org/tracker/CVE-2014-0224         dpkg        debian:7          pkgdb               
CVE-2014-3470           libssl1.0.0-1.0.1e-2                        Medium            1.0.1e-2+deb7u10         CVE-2014-3470         https://security-tracker.debian.org/tracker/CVE-2014-3470         dpkg        debian:7          pkgdb               
CVE-2014-3470           openssl-1.0.1e-2                            Medium            1.0.1e-2+deb7u10         CVE-2014-3470         https://security-tracker.debian.org/tracker/CVE-2014-3470         dpkg        debian:7          pkgdb               
CVE-2014-3505           libssl1.0.0-1.0.1e-2                        Medium            1.0.1e-2+deb7u12         CVE-2014-3505         https://security-tracker.debian.org/tracker/CVE-2014-3505         dpkg        debian:7          pkgdb               
CVE-2014-3505           openssl-1.0.1e-2                            Medium            1.0.1e-2+deb7u12         CVE-2014-3505         https://security-tracker.debian.org/tracker/CVE-2014-3505         dpkg        debian:7          pkgdb               
CVE-2014-3506           libssl1.0.0-1.0.1e-2                        Medium            1.0.1e-2+deb7u12         CVE-2014-3506         https://security-tracker.debian.org/tracker/CVE-2014-3506         dpkg        debian:7          pkgdb               
CVE-2014-3506           openssl-1.0.1e-2                            Medium            1.0.1e-2+deb7u12         CVE-2014-3506         https://security-tracker.debian.org/tracker/CVE-2014-3506         dpkg        debian:7          pkgdb               
CVE-2014-3507           libssl1.0.0-1.0.1e-2                        Medium            1.0.1e-2+deb7u12         CVE-2014-3507         https://security-tracker.debian.org/tracker/CVE-2014-3507         dpkg        debian:7          pkgdb               
CVE-2014-3507           openssl-1.0.1e-2                            Medium            1.0.1e-2+deb7u12         CVE-2014-3507         https://security-tracker.debian.org/tracker/CVE-2014-3507         dpkg        debian:7          pkgdb               
CVE-2014-3508           libssl1.0.0-1.0.1e-2                        Medium            1.0.1e-2+deb7u12         CVE-2014-3508         https://security-tracker.debian.org/tracker/CVE-2014-3508         dpkg        debian:7          pkgdb               
CVE-2014-3508           openssl-1.0.1e-2                            Medium            1.0.1e-2+deb7u12         CVE-2014-3508         https://security-tracker.debian.org/tracker/CVE-2014-3508         dpkg        debian:7          pkgdb               
CVE-2014-3509           libssl1.0.0-1.0.1e-2                        Medium            1.0.1e-2+deb7u12         CVE-2014-3509         https://security-tracker.debian.org/tracker/CVE-2014-3509         dpkg        debian:7          pkgdb               
CVE-2014-3509           openssl-1.0.1e-2                            Medium            1.0.1e-2+deb7u12         CVE-2014-3509         https://security-tracker.debian.org/tracker/CVE-2014-3509         dpkg        debian:7          pkgdb               
CVE-2014-3510           libssl1.0.0-1.0.1e-2                        Medium            1.0.1e-2+deb7u12         CVE-2014-3510         https://security-tracker.debian.org/tracker/CVE-2014-3510         dpkg        debian:7          pkgdb               
CVE-2014-3510           openssl-1.0.1e-2                            Medium            1.0.1e-2+deb7u12         CVE-2014-3510         https://security-tracker.debian.org/tracker/CVE-2014-3510         dpkg        debian:7          pkgdb               
CVE-2014-3511           libssl1.0.0-1.0.1e-2                        Medium            1.0.1e-2+deb7u12         CVE-2014-3511         https://security-tracker.debian.org/tracker/CVE-2014-3511         dpkg        debian:7          pkgdb               
CVE-2014-3511           openssl-1.0.1e-2                            Medium            1.0.1e-2+deb7u12         CVE-2014-3511         https://security-tracker.debian.org/tracker/CVE-2014-3511         dpkg        debian:7          pkgdb               
CVE-2014-3568           libssl1.0.0-1.0.1e-2                        Medium            1.0.1e-2+deb7u13         CVE-2014-3568         https://security-tracker.debian.org/tracker/CVE-2014-3568         dpkg        debian:7          pkgdb               
CVE-2014-3568           openssl-1.0.1e-2                            Medium            1.0.1e-2+deb7u13         CVE-2014-3568         https://security-tracker.debian.org/tracker/CVE-2014-3568         dpkg        debian:7          pkgdb               
CVE-2014-3569           libssl1.0.0-1.0.1e-2                        Medium            1.0.1e-2+deb7u14         CVE-2014-3569         https://security-tracker.debian.org/tracker/CVE-2014-3569         dpkg        debian:7          pkgdb               
CVE-2014-3569           openssl-1.0.1e-2                            Medium            1.0.1e-2+deb7u14         CVE-2014-3569         https://security-tracker.debian.org/tracker/CVE-2014-3569         dpkg        debian:7          pkgdb               
CVE-2014-3570           libssl1.0.0-1.0.1e-2                        Medium            1.0.1e-2+deb7u14         CVE-2014-3570         https://security-tracker.debian.org/tracker/CVE-2014-3570         dpkg        debian:7          pkgdb               
CVE-2014-3570           openssl-1.0.1e-2                            Medium            1.0.1e-2+deb7u14         CVE-2014-3570         https://security-tracker.debian.org/tracker/CVE-2014-3570         dpkg        debian:7          pkgdb               
CVE-2014-3571           libssl1.0.0-1.0.1e-2                        Medium            1.0.1e-2+deb7u14         CVE-2014-3571         https://security-tracker.debian.org/tracker/CVE-2014-3571         dpkg        debian:7          pkgdb               
CVE-2014-3571           openssl-1.0.1e-2                            Medium            1.0.1e-2+deb7u14         CVE-2014-3571         https://security-tracker.debian.org/tracker/CVE-2014-3571         dpkg        debian:7          pkgdb               
CVE-2014-3572           libssl1.0.0-1.0.1e-2                        Medium            1.0.1e-2+deb7u14         CVE-2014-3572         https://security-tracker.debian.org/tracker/CVE-2014-3572         dpkg        debian:7          pkgdb               
CVE-2014-3572           openssl-1.0.1e-2                            Medium            1.0.1e-2+deb7u14         CVE-2014-3572         https://security-tracker.debian.org/tracker/CVE-2014-3572         dpkg        debian:7          pkgdb               
CVE-2014-5139           libssl1.0.0-1.0.1e-2                        Medium            1.0.1e-2+deb7u12         CVE-2014-5139         https://security-tracker.debian.org/tracker/CVE-2014-5139         dpkg        debian:7          pkgdb               
CVE-2014-5139           openssl-1.0.1e-2                            Medium            1.0.1e-2+deb7u12         CVE-2014-5139         https://security-tracker.debian.org/tracker/CVE-2014-5139         dpkg        debian:7          pkgdb               
CVE-2014-8275           libssl1.0.0-1.0.1e-2                        Medium            1.0.1e-2+deb7u14         CVE-2014-8275         https://security-tracker.debian.org/tracker/CVE-2014-8275         dpkg        debian:7          pkgdb               
CVE-2014-8275           openssl-1.0.1e-2                            Medium            1.0.1e-2+deb7u14         CVE-2014-8275         https://security-tracker.debian.org/tracker/CVE-2014-8275         dpkg        debian:7          pkgdb               
CVE-2015-0204           libssl1.0.0-1.0.1e-2                        Medium            1.0.1e-2+deb7u14         CVE-2015-0204         https://security-tracker.debian.org/tracker/CVE-2015-0204         dpkg        debian:7          pkgdb               
CVE-2015-0204           openssl-1.0.1e-2                            Medium            1.0.1e-2+deb7u14         CVE-2015-0204         https://security-tracker.debian.org/tracker/CVE-2015-0204         dpkg        debian:7          pkgdb               
CVE-2015-0205           libssl1.0.0-1.0.1e-2                        Medium            1.0.1e-2+deb7u14         CVE-2015-0205         https://security-tracker.debian.org/tracker/CVE-2015-0205         dpkg        debian:7          pkgdb               
CVE-2015-0205           openssl-1.0.1e-2                            Medium            1.0.1e-2+deb7u14         CVE-2015-0205         https://security-tracker.debian.org/tracker/CVE-2015-0205         dpkg        debian:7          pkgdb               
CVE-2015-0206           libssl1.0.0-1.0.1e-2                        Medium            1.0.1e-2+deb7u14         CVE-2015-0206         https://security-tracker.debian.org/tracker/CVE-2015-0206         dpkg        debian:7          pkgdb               
CVE-2015-0206           openssl-1.0.1e-2                            Medium            1.0.1e-2+deb7u14         CVE-2015-0206         https://security-tracker.debian.org/tracker/CVE-2015-0206         dpkg        debian:7          pkgdb               
CVE-2015-0209           libssl1.0.0-1.0.1e-2                        Medium            1.0.1e-2+deb7u15         CVE-2015-0209         https://security-tracker.debian.org/tracker/CVE-2015-0209         dpkg        debian:7          pkgdb               
CVE-2015-0209           openssl-1.0.1e-2                            Medium            1.0.1e-2+deb7u15         CVE-2015-0209         https://security-tracker.debian.org/tracker/CVE-2015-0209         dpkg        debian:7          pkgdb               
CVE-2015-0286           libssl1.0.0-1.0.1e-2                        Medium            1.0.1e-2+deb7u15         CVE-2015-0286         https://security-tracker.debian.org/tracker/CVE-2015-0286         dpkg        debian:7          pkgdb               
CVE-2015-0286           openssl-1.0.1e-2                            Medium            1.0.1e-2+deb7u15         CVE-2015-0286         https://security-tracker.debian.org/tracker/CVE-2015-0286         dpkg        debian:7          pkgdb               
CVE-2015-0287           libssl1.0.0-1.0.1e-2                        Medium            1.0.1e-2+deb7u15         CVE-2015-0287         https://security-tracker.debian.org/tracker/CVE-2015-0287         dpkg        debian:7          pkgdb               
CVE-2015-0287           openssl-1.0.1e-2                            Medium            1.0.1e-2+deb7u15         CVE-2015-0287         https://security-tracker.debian.org/tracker/CVE-2015-0287         dpkg        debian:7          pkgdb               
CVE-2015-0288           libssl1.0.0-1.0.1e-2                        Medium            1.0.1e-2+deb7u15         CVE-2015-0288         https://security-tracker.debian.org/tracker/CVE-2015-0288         dpkg        debian:7          pkgdb               
CVE-2015-0288           openssl-1.0.1e-2                            Medium            1.0.1e-2+deb7u15         CVE-2015-0288         https://security-tracker.debian.org/tracker/CVE-2015-0288         dpkg        debian:7          pkgdb               
CVE-2015-0289           libssl1.0.0-1.0.1e-2                        Medium            1.0.1e-2+deb7u15         CVE-2015-0289         https://security-tracker.debian.org/tracker/CVE-2015-0289         dpkg        debian:7          pkgdb               
CVE-2015-0289           openssl-1.0.1e-2                            Medium            1.0.1e-2+deb7u15         CVE-2015-0289         https://security-tracker.debian.org/tracker/CVE-2015-0289         dpkg        debian:7          pkgdb               
CVE-2015-1788           libssl1.0.0-1.0.1e-2                        Medium            1.0.1e-2+deb7u17         CVE-2015-1788         https://security-tracker.debian.org/tracker/CVE-2015-1788         dpkg        debian:7          pkgdb               
CVE-2015-1788           openssl-1.0.1e-2                            Medium            1.0.1e-2+deb7u17         CVE-2015-1788         https://security-tracker.debian.org/tracker/CVE-2015-1788         dpkg        debian:7          pkgdb               
CVE-2015-1789           libssl1.0.0-1.0.1e-2                        Medium            1.0.1e-2+deb7u17         CVE-2015-1789         https://security-tracker.debian.org/tracker/CVE-2015-1789         dpkg        debian:7          pkgdb               
CVE-2015-1789           openssl-1.0.1e-2                            Medium            1.0.1e-2+deb7u17         CVE-2015-1789         https://security-tracker.debian.org/tracker/CVE-2015-1789         dpkg        debian:7          pkgdb               
CVE-2015-1790           libssl1.0.0-1.0.1e-2                        Medium            1.0.1e-2+deb7u17         CVE-2015-1790         https://security-tracker.debian.org/tracker/CVE-2015-1790         dpkg        debian:7          pkgdb               
CVE-2015-1790           openssl-1.0.1e-2                            Medium            1.0.1e-2+deb7u17         CVE-2015-1790         https://security-tracker.debian.org/tracker/CVE-2015-1790         dpkg        debian:7          pkgdb               
CVE-2015-1791           libssl1.0.0-1.0.1e-2                        Medium            1.0.1e-2+deb7u17         CVE-2015-1791         https://security-tracker.debian.org/tracker/CVE-2015-1791         dpkg        debian:7          pkgdb               
CVE-2015-1791           openssl-1.0.1e-2                            Medium            1.0.1e-2+deb7u17         CVE-2015-1791         https://security-tracker.debian.org/tracker/CVE-2015-1791         dpkg        debian:7          pkgdb               
CVE-2015-1792           libssl1.0.0-1.0.1e-2                        Medium            1.0.1e-2+deb7u17         CVE-2015-1792         https://security-tracker.debian.org/tracker/CVE-2015-1792         dpkg        debian:7          pkgdb               
CVE-2015-1792           openssl-1.0.1e-2                            Medium            1.0.1e-2+deb7u17         CVE-2015-1792         https://security-tracker.debian.org/tracker/CVE-2015-1792         dpkg        debian:7          pkgdb               
CVE-2015-3194           libssl1.0.0-1.0.1e-2                        Medium            1.0.1e-2+deb7u18         CVE-2015-3194         https://security-tracker.debian.org/tracker/CVE-2015-3194         dpkg        debian:7          pkgdb               
CVE-2015-3194           openssl-1.0.1e-2                            Medium            1.0.1e-2+deb7u18         CVE-2015-3194         https://security-tracker.debian.org/tracker/CVE-2015-3194         dpkg        debian:7          pkgdb               
CVE-2015-3195           libssl1.0.0-1.0.1e-2                        Medium            1.0.1e-2+deb7u18         CVE-2015-3195         https://security-tracker.debian.org/tracker/CVE-2015-3195         dpkg        debian:7          pkgdb               
CVE-2015-3195           openssl-1.0.1e-2                            Medium            1.0.1e-2+deb7u18         CVE-2015-3195         https://security-tracker.debian.org/tracker/CVE-2015-3195         dpkg        debian:7          pkgdb               
CVE-2015-3196           libssl1.0.0-1.0.1e-2                        Medium            1.0.1e-2+deb7u18         CVE-2015-3196         https://security-tracker.debian.org/tracker/CVE-2015-3196         dpkg        debian:7          pkgdb               
CVE-2015-3196           openssl-1.0.1e-2                            Medium            1.0.1e-2+deb7u18         CVE-2015-3196         https://security-tracker.debian.org/tracker/CVE-2015-3196         dpkg        debian:7          pkgdb               
CVE-2015-4000           libssl1.0.0-1.0.1e-2                        Medium            1.0.1e-2+deb7u17         CVE-2015-4000         https://security-tracker.debian.org/tracker/CVE-2015-4000         dpkg        debian:7          pkgdb               
CVE-2015-4000           openssl-1.0.1e-2                            Medium            1.0.1e-2+deb7u17         CVE-2015-4000         https://security-tracker.debian.org/tracker/CVE-2015-4000         dpkg        debian:7          pkgdb               
CVE-2015-7575           libssl1.0.0-1.0.1e-2                        Medium            1.0.1e-2+deb7u19         CVE-2015-7575         https://security-tracker.debian.org/tracker/CVE-2015-7575         dpkg        debian:7          pkgdb               
CVE-2015-7575           openssl-1.0.1e-2                            Medium            1.0.1e-2+deb7u19         CVE-2015-7575         https://security-tracker.debian.org/tracker/CVE-2015-7575         dpkg        debian:7          pkgdb               
CVE-2016-0797           libssl1.0.0-1.0.1e-2                        Medium            1.0.1e-2+deb7u20         CVE-2016-0797         https://security-tracker.debian.org/tracker/CVE-2016-0797         dpkg        debian:7          pkgdb               
CVE-2016-0797           openssl-1.0.1e-2                            Medium            1.0.1e-2+deb7u20         CVE-2016-0797         https://security-tracker.debian.org/tracker/CVE-2016-0797         dpkg        debian:7          pkgdb               
CVE-2016-2105           libssl1.0.0-1.0.1e-2                        Medium            1.0.1e-2+deb7u21         CVE-2016-2105         https://security-tracker.debian.org/tracker/CVE-2016-2105         dpkg        debian:7          pkgdb               
CVE-2016-2105           openssl-1.0.1e-2                            Medium            1.0.1e-2+deb7u21         CVE-2016-2105         https://security-tracker.debian.org/tracker/CVE-2016-2105         dpkg        debian:7          pkgdb               
CVE-2016-2106           libssl1.0.0-1.0.1e-2                        Medium            1.0.1e-2+deb7u21         CVE-2016-2106         https://security-tracker.debian.org/tracker/CVE-2016-2106         dpkg        debian:7          pkgdb               
CVE-2016-2106           openssl-1.0.1e-2                            Medium            1.0.1e-2+deb7u21         CVE-2016-2106         https://security-tracker.debian.org/tracker/CVE-2016-2106         dpkg        debian:7          pkgdb               
CVE-2016-2179           libssl1.0.0-1.0.1e-2                        Medium            1.0.1t-1+deb7u1          CVE-2016-2179         https://security-tracker.debian.org/tracker/CVE-2016-2179         dpkg        debian:7          pkgdb               
CVE-2016-2179           openssl-1.0.1e-2                            Medium            1.0.1t-1+deb7u1          CVE-2016-2179         https://security-tracker.debian.org/tracker/CVE-2016-2179         dpkg        debian:7          pkgdb               
CVE-2016-2180           libssl1.0.0-1.0.1e-2                        Medium            1.0.1t-1+deb7u1          CVE-2016-2180         https://security-tracker.debian.org/tracker/CVE-2016-2180         dpkg        debian:7          pkgdb               
CVE-2016-2180           openssl-1.0.1e-2                            Medium            1.0.1t-1+deb7u1          CVE-2016-2180         https://security-tracker.debian.org/tracker/CVE-2016-2180         dpkg        debian:7          pkgdb               
CVE-2016-2181           libssl1.0.0-1.0.1e-2                        Medium            1.0.1t-1+deb7u1          CVE-2016-2181         https://security-tracker.debian.org/tracker/CVE-2016-2181         dpkg        debian:7          pkgdb               
CVE-2016-2181           openssl-1.0.1e-2                            Medium            1.0.1t-1+deb7u1          CVE-2016-2181         https://security-tracker.debian.org/tracker/CVE-2016-2181         dpkg        debian:7          pkgdb               
CVE-2016-6302           libssl1.0.0-1.0.1e-2                        Medium            1.0.1t-1+deb7u1          CVE-2016-6302         https://security-tracker.debian.org/tracker/CVE-2016-6302         dpkg        debian:7          pkgdb               
CVE-2016-6302           openssl-1.0.1e-2                            Medium            1.0.1t-1+deb7u1          CVE-2016-6302         https://security-tracker.debian.org/tracker/CVE-2016-6302         dpkg        debian:7          pkgdb               
CVE-2016-6306           libssl1.0.0-1.0.1e-2                        Medium            1.0.1t-1+deb7u1          CVE-2016-6306         https://security-tracker.debian.org/tracker/CVE-2016-6306         dpkg        debian:7          pkgdb               
CVE-2016-6306           openssl-1.0.1e-2                            Medium            1.0.1t-1+deb7u1          CVE-2016-6306         https://security-tracker.debian.org/tracker/CVE-2016-6306         dpkg        debian:7          pkgdb               
CVE-2016-8610           libssl1.0.0-1.0.1e-2                        Medium            1.0.1t-1+deb7u2          CVE-2016-8610         https://security-tracker.debian.org/tracker/CVE-2016-8610         dpkg        debian:7          pkgdb               
CVE-2016-8610           openssl-1.0.1e-2                            Medium            1.0.1t-1+deb7u2          CVE-2016-8610         https://security-tracker.debian.org/tracker/CVE-2016-8610         dpkg        debian:7          pkgdb               
CVE-2017-15710          apache2-2.2.22-13+deb7u12                   Medium            2.2.22-13+deb7u13        CVE-2017-15710        https://security-tracker.debian.org/tracker/CVE-2017-15710        dpkg        debian:7          pkgdb               
CVE-2017-15710          apache2-mpm-worker-2.2.22-13+deb7u12        Medium            2.2.22-13+deb7u13        CVE-2017-15710        https://security-tracker.debian.org/tracker/CVE-2017-15710        dpkg        debian:7          pkgdb               
CVE-2017-15710          apache2-utils-2.2.22-13+deb7u12             Medium            2.2.22-13+deb7u13        CVE-2017-15710        https://security-tracker.debian.org/tracker/CVE-2017-15710        dpkg        debian:7          pkgdb               
CVE-2017-15710          apache2.2-bin-2.2.22-13+deb7u12             Medium            2.2.22-13+deb7u13        CVE-2017-15710        https://security-tracker.debian.org/tracker/CVE-2017-15710        dpkg        debian:7          pkgdb               
CVE-2017-15710          apache2.2-common-2.2.22-13+deb7u12          Medium            2.2.22-13+deb7u13        CVE-2017-15710        https://security-tracker.debian.org/tracker/CVE-2017-15710        dpkg        debian:7          pkgdb               
CVE-2017-17512          sensible-utils-0.0.7                        Medium            0.0.7+deb7u1             CVE-2017-17512        https://security-tracker.debian.org/tracker/CVE-2017-17512        dpkg        debian:7          pkgdb               
CVE-2017-3731           libssl1.0.0-1.0.1e-2                        Medium            1.0.1t-1+deb7u2          CVE-2017-3731         https://security-tracker.debian.org/tracker/CVE-2017-3731         dpkg        debian:7          pkgdb               
CVE-2017-3731           openssl-1.0.1e-2                            Medium            1.0.1t-1+deb7u2          CVE-2017-3731         https://security-tracker.debian.org/tracker/CVE-2017-3731         dpkg        debian:7          pkgdb               
CVE-2017-3735           libssl1.0.0-1.0.1e-2                        Medium            1.0.1t-1+deb7u3          CVE-2017-3735         https://security-tracker.debian.org/tracker/CVE-2017-3735         dpkg        debian:7          pkgdb               
CVE-2017-3735           openssl-1.0.1e-2                            Medium            1.0.1t-1+deb7u3          CVE-2017-3735         https://security-tracker.debian.org/tracker/CVE-2017-3735         dpkg        debian:7          pkgdb               
CVE-2018-0739           libssl1.0.0-1.0.1e-2                        Medium            1.0.1t-1+deb7u4          CVE-2018-0739         https://security-tracker.debian.org/tracker/CVE-2018-0739         dpkg        debian:7          pkgdb               
CVE-2018-0739           openssl-1.0.1e-2                            Medium            1.0.1t-1+deb7u4          CVE-2018-0739         https://security-tracker.debian.org/tracker/CVE-2018-0739         dpkg        debian:7          pkgdb               
CVE-2018-1301           apache2-2.2.22-13+deb7u12                   Medium            2.2.22-13+deb7u13        CVE-2018-1301         https://security-tracker.debian.org/tracker/CVE-2018-1301         dpkg        debian:7          pkgdb               
CVE-2018-1301           apache2-mpm-worker-2.2.22-13+deb7u12        Medium            2.2.22-13+deb7u13        CVE-2018-1301         https://security-tracker.debian.org/tracker/CVE-2018-1301         dpkg        debian:7          pkgdb               
CVE-2018-1301           apache2-utils-2.2.22-13+deb7u12             Medium            2.2.22-13+deb7u13        CVE-2018-1301         https://security-tracker.debian.org/tracker/CVE-2018-1301         dpkg        debian:7          pkgdb               
CVE-2018-1301           apache2.2-bin-2.2.22-13+deb7u12             Medium            2.2.22-13+deb7u13        CVE-2018-1301         https://security-tracker.debian.org/tracker/CVE-2018-1301         dpkg        debian:7          pkgdb               
CVE-2018-1301           apache2.2-common-2.2.22-13+deb7u12          Medium            2.2.22-13+deb7u13        CVE-2018-1301         https://security-tracker.debian.org/tracker/CVE-2018-1301         dpkg        debian:7          pkgdb               
CVE-2018-1312           apache2-2.2.22-13+deb7u12                   Medium            2.2.22-13+deb7u13        CVE-2018-1312         https://security-tracker.debian.org/tracker/CVE-2018-1312         dpkg        debian:7          pkgdb               
CVE-2018-1312           apache2-mpm-worker-2.2.22-13+deb7u12        Medium            2.2.22-13+deb7u13        CVE-2018-1312         https://security-tracker.debian.org/tracker/CVE-2018-1312         dpkg        debian:7          pkgdb               
CVE-2018-1312           apache2-utils-2.2.22-13+deb7u12             Medium            2.2.22-13+deb7u13        CVE-2018-1312         https://security-tracker.debian.org/tracker/CVE-2018-1312         dpkg        debian:7          pkgdb               
CVE-2018-1312           apache2.2-bin-2.2.22-13+deb7u12             Medium            2.2.22-13+deb7u13        CVE-2018-1312         https://security-tracker.debian.org/tracker/CVE-2018-1312         dpkg        debian:7          pkgdb               
CVE-2018-1312           apache2.2-common-2.2.22-13+deb7u12          Medium            2.2.22-13+deb7u13        CVE-2018-1312         https://security-tracker.debian.org/tracker/CVE-2018-1312         dpkg        debian:7          pkgdb               
CVE-2001-1534           apache2-2.2.22-13+deb7u12                   Negligible        None                     CVE-2001-1534         https://security-tracker.debian.org/tracker/CVE-2001-1534         dpkg        debian:7          pkgdb               
CVE-2001-1534           apache2-mpm-worker-2.2.22-13+deb7u12        Negligible        None                     CVE-2001-1534         https://security-tracker.debian.org/tracker/CVE-2001-1534         dpkg        debian:7          pkgdb               
CVE-2001-1534           apache2-utils-2.2.22-13+deb7u12             Negligible        None                     CVE-2001-1534         https://security-tracker.debian.org/tracker/CVE-2001-1534         dpkg        debian:7          pkgdb               
CVE-2001-1534           apache2.2-bin-2.2.22-13+deb7u12             Negligible        None                     CVE-2001-1534         https://security-tracker.debian.org/tracker/CVE-2001-1534         dpkg        debian:7          pkgdb               
CVE-2001-1534           apache2.2-common-2.2.22-13+deb7u12          Negligible        None                     CVE-2001-1534         https://security-tracker.debian.org/tracker/CVE-2001-1534         dpkg        debian:7          pkgdb               
CVE-2003-1307           apache2-2.2.22-13+deb7u12                   Negligible        None                     CVE-2003-1307         https://security-tracker.debian.org/tracker/CVE-2003-1307         dpkg        debian:7          pkgdb               
CVE-2003-1307           apache2-mpm-worker-2.2.22-13+deb7u12        Negligible        None                     CVE-2003-1307         https://security-tracker.debian.org/tracker/CVE-2003-1307         dpkg        debian:7          pkgdb               
CVE-2003-1307           apache2-utils-2.2.22-13+deb7u12             Negligible        None                     CVE-2003-1307         https://security-tracker.debian.org/tracker/CVE-2003-1307         dpkg        debian:7          pkgdb               
CVE-2003-1307           apache2.2-bin-2.2.22-13+deb7u12             Negligible        None                     CVE-2003-1307         https://security-tracker.debian.org/tracker/CVE-2003-1307         dpkg        debian:7          pkgdb               
CVE-2003-1307           apache2.2-common-2.2.22-13+deb7u12          Negligible        None                     CVE-2003-1307         https://security-tracker.debian.org/tracker/CVE-2003-1307         dpkg        debian:7          pkgdb               
CVE-2003-1580           apache2-2.2.22-13+deb7u12                   Negligible        None                     CVE-2003-1580         https://security-tracker.debian.org/tracker/CVE-2003-1580         dpkg        debian:7          pkgdb               
CVE-2003-1580           apache2-mpm-worker-2.2.22-13+deb7u12        Negligible        None                     CVE-2003-1580         https://security-tracker.debian.org/tracker/CVE-2003-1580         dpkg        debian:7          pkgdb               
CVE-2003-1580           apache2-utils-2.2.22-13+deb7u12             Negligible        None                     CVE-2003-1580         https://security-tracker.debian.org/tracker/CVE-2003-1580         dpkg        debian:7          pkgdb               
CVE-2003-1580           apache2.2-bin-2.2.22-13+deb7u12             Negligible        None                     CVE-2003-1580         https://security-tracker.debian.org/tracker/CVE-2003-1580         dpkg        debian:7          pkgdb               
CVE-2003-1580           apache2.2-common-2.2.22-13+deb7u12          Negligible        None                     CVE-2003-1580         https://security-tracker.debian.org/tracker/CVE-2003-1580         dpkg        debian:7          pkgdb               
CVE-2003-1581           apache2-2.2.22-13+deb7u12                   Negligible        None                     CVE-2003-1581         https://security-tracker.debian.org/tracker/CVE-2003-1581         dpkg        debian:7          pkgdb               
CVE-2003-1581           apache2-mpm-worker-2.2.22-13+deb7u12        Negligible        None                     CVE-2003-1581         https://security-tracker.debian.org/tracker/CVE-2003-1581         dpkg        debian:7          pkgdb               
CVE-2003-1581           apache2-utils-2.2.22-13+deb7u12             Negligible        None                     CVE-2003-1581         https://security-tracker.debian.org/tracker/CVE-2003-1581         dpkg        debian:7          pkgdb               
CVE-2003-1581           apache2.2-bin-2.2.22-13+deb7u12             Negligible        None                     CVE-2003-1581         https://security-tracker.debian.org/tracker/CVE-2003-1581         dpkg        debian:7          pkgdb               
CVE-2003-1581           apache2.2-common-2.2.22-13+deb7u12          Negligible        None                     CVE-2003-1581         https://security-tracker.debian.org/tracker/CVE-2003-1581         dpkg        debian:7          pkgdb               
CVE-2005-2541           tar-1.26+dfsg-0.1+deb7u1                    Negligible        None                     CVE-2005-2541         https://security-tracker.debian.org/tracker/CVE-2005-2541         dpkg        debian:7          pkgdb               
CVE-2007-0086           apache2-2.2.22-13+deb7u12                   Negligible        None                     CVE-2007-0086         https://security-tracker.debian.org/tracker/CVE-2007-0086         dpkg        debian:7          pkgdb               
CVE-2007-0086           apache2-mpm-worker-2.2.22-13+deb7u12        Negligible        None                     CVE-2007-0086         https://security-tracker.debian.org/tracker/CVE-2007-0086         dpkg        debian:7          pkgdb               
CVE-2007-0086           apache2-utils-2.2.22-13+deb7u12             Negligible        None                     CVE-2007-0086         https://security-tracker.debian.org/tracker/CVE-2007-0086         dpkg        debian:7          pkgdb               
CVE-2007-0086           apache2.2-bin-2.2.22-13+deb7u12             Negligible        None                     CVE-2007-0086         https://security-tracker.debian.org/tracker/CVE-2007-0086         dpkg        debian:7          pkgdb               
CVE-2007-0086           apache2.2-common-2.2.22-13+deb7u12          Negligible        None                     CVE-2007-0086         https://security-tracker.debian.org/tracker/CVE-2007-0086         dpkg        debian:7          pkgdb               
CVE-2007-1743           apache2-2.2.22-13+deb7u12                   Negligible        None                     CVE-2007-1743         https://security-tracker.debian.org/tracker/CVE-2007-1743         dpkg        debian:7          pkgdb               
CVE-2007-1743           apache2-mpm-worker-2.2.22-13+deb7u12        Negligible        None                     CVE-2007-1743         https://security-tracker.debian.org/tracker/CVE-2007-1743         dpkg        debian:7          pkgdb               
CVE-2007-1743           apache2-utils-2.2.22-13+deb7u12             Negligible        None                     CVE-2007-1743         https://security-tracker.debian.org/tracker/CVE-2007-1743         dpkg        debian:7          pkgdb               
CVE-2007-1743           apache2.2-bin-2.2.22-13+deb7u12             Negligible        None                     CVE-2007-1743         https://security-tracker.debian.org/tracker/CVE-2007-1743         dpkg        debian:7          pkgdb               
CVE-2007-1743           apache2.2-common-2.2.22-13+deb7u12          Negligible        None                     CVE-2007-1743         https://security-tracker.debian.org/tracker/CVE-2007-1743         dpkg        debian:7          pkgdb               
CVE-2007-3303           apache2-2.2.22-13+deb7u12                   Negligible        None                     CVE-2007-3303         https://security-tracker.debian.org/tracker/CVE-2007-3303         dpkg        debian:7          pkgdb               
CVE-2007-3303           apache2-mpm-worker-2.2.22-13+deb7u12        Negligible        None                     CVE-2007-3303         https://security-tracker.debian.org/tracker/CVE-2007-3303         dpkg        debian:7          pkgdb               
CVE-2007-3303           apache2-utils-2.2.22-13+deb7u12             Negligible        None                     CVE-2007-3303         https://security-tracker.debian.org/tracker/CVE-2007-3303         dpkg        debian:7          pkgdb               
CVE-2007-3303           apache2.2-bin-2.2.22-13+deb7u12             Negligible        None                     CVE-2007-3303         https://security-tracker.debian.org/tracker/CVE-2007-3303         dpkg        debian:7          pkgdb               
CVE-2007-3303           apache2.2-common-2.2.22-13+deb7u12          Negligible        None                     CVE-2007-3303         https://security-tracker.debian.org/tracker/CVE-2007-3303         dpkg        debian:7          pkgdb               
CVE-2007-5686           login-1:4.1.5.1-1+deb7u1                    Negligible        None                     CVE-2007-5686         https://security-tracker.debian.org/tracker/CVE-2007-5686         dpkg        debian:7          pkgdb               
CVE-2007-5686           passwd-1:4.1.5.1-1+deb7u1                   Negligible        None                     CVE-2007-5686         https://security-tracker.debian.org/tracker/CVE-2007-5686         dpkg        debian:7          pkgdb               
CVE-2007-6755           libssl1.0.0-1.0.1e-2                        Negligible        None                     CVE-2007-6755         https://security-tracker.debian.org/tracker/CVE-2007-6755         dpkg        debian:7          pkgdb               
CVE-2007-6755           openssl-1.0.1e-2                            Negligible        None                     CVE-2007-6755         https://security-tracker.debian.org/tracker/CVE-2007-6755         dpkg        debian:7          pkgdb               
CVE-2008-0455           apache2-2.2.22-13+deb7u12                   Negligible        None                     CVE-2008-0455         https://security-tracker.debian.org/tracker/CVE-2008-0455         dpkg        debian:7          pkgdb               
CVE-2008-0455           apache2-mpm-worker-2.2.22-13+deb7u12        Negligible        None                     CVE-2008-0455         https://security-tracker.debian.org/tracker/CVE-2008-0455         dpkg        debian:7          pkgdb               
CVE-2008-0455           apache2-utils-2.2.22-13+deb7u12             Negligible        None                     CVE-2008-0455         https://security-tracker.debian.org/tracker/CVE-2008-0455         dpkg        debian:7          pkgdb               
CVE-2008-0455           apache2.2-bin-2.2.22-13+deb7u12             Negligible        None                     CVE-2008-0455         https://security-tracker.debian.org/tracker/CVE-2008-0455         dpkg        debian:7          pkgdb               
CVE-2008-0455           apache2.2-common-2.2.22-13+deb7u12          Negligible        None                     CVE-2008-0455         https://security-tracker.debian.org/tracker/CVE-2008-0455         dpkg        debian:7          pkgdb               
CVE-2008-0456           apache2-2.2.22-13+deb7u12                   Negligible        None                     CVE-2008-0456         https://security-tracker.debian.org/tracker/CVE-2008-0456         dpkg        debian:7          pkgdb               
CVE-2008-0456           apache2-mpm-worker-2.2.22-13+deb7u12        Negligible        None                     CVE-2008-0456         https://security-tracker.debian.org/tracker/CVE-2008-0456         dpkg        debian:7          pkgdb               
CVE-2008-0456           apache2-utils-2.2.22-13+deb7u12             Negligible        None                     CVE-2008-0456         https://security-tracker.debian.org/tracker/CVE-2008-0456         dpkg        debian:7          pkgdb               
CVE-2008-0456           apache2.2-bin-2.2.22-13+deb7u12             Negligible        None                     CVE-2008-0456         https://security-tracker.debian.org/tracker/CVE-2008-0456         dpkg        debian:7          pkgdb               
CVE-2008-0456           apache2.2-common-2.2.22-13+deb7u12          Negligible        None                     CVE-2008-0456         https://security-tracker.debian.org/tracker/CVE-2008-0456         dpkg        debian:7          pkgdb               
CVE-2010-0928           libssl1.0.0-1.0.1e-2                        Negligible        None                     CVE-2010-0928         https://security-tracker.debian.org/tracker/CVE-2010-0928         dpkg        debian:7          pkgdb               
CVE-2010-0928           openssl-1.0.1e-2                            Negligible        None                     CVE-2010-0928         https://security-tracker.debian.org/tracker/CVE-2010-0928         dpkg        debian:7          pkgdb               
CVE-2010-3192           libc-bin-2.13-38+deb7u12                    Negligible        None                     CVE-2010-3192         https://security-tracker.debian.org/tracker/CVE-2010-3192         dpkg        debian:7          pkgdb               
CVE-2010-3192           libc6-2.13-38+deb7u12                       Negligible        None                     CVE-2010-3192         https://security-tracker.debian.org/tracker/CVE-2010-3192         dpkg        debian:7          pkgdb               
CVE-2010-3192           multiarch-support-2.13-38+deb7u12           Negligible        None                     CVE-2010-3192         https://security-tracker.debian.org/tracker/CVE-2010-3192         dpkg        debian:7          pkgdb               
CVE-2010-4051           libc-bin-2.13-38+deb7u12                    Negligible        None                     CVE-2010-4051         https://security-tracker.debian.org/tracker/CVE-2010-4051         dpkg        debian:7          pkgdb               
CVE-2010-4051           libc6-2.13-38+deb7u12                       Negligible        None                     CVE-2010-4051         https://security-tracker.debian.org/tracker/CVE-2010-4051         dpkg        debian:7          pkgdb               
CVE-2010-4051           multiarch-support-2.13-38+deb7u12           Negligible        None                     CVE-2010-4051         https://security-tracker.debian.org/tracker/CVE-2010-4051         dpkg        debian:7          pkgdb               
CVE-2010-4052           libc-bin-2.13-38+deb7u12                    Negligible        None                     CVE-2010-4052         https://security-tracker.debian.org/tracker/CVE-2010-4052         dpkg        debian:7          pkgdb               
CVE-2010-4052           libc6-2.13-38+deb7u12                       Negligible        None                     CVE-2010-4052         https://security-tracker.debian.org/tracker/CVE-2010-4052         dpkg        debian:7          pkgdb               
CVE-2010-4052           multiarch-support-2.13-38+deb7u12           Negligible        None                     CVE-2010-4052         https://security-tracker.debian.org/tracker/CVE-2010-4052         dpkg        debian:7          pkgdb               
CVE-2010-4756           libc-bin-2.13-38+deb7u12                    Negligible        None                     CVE-2010-4756         https://security-tracker.debian.org/tracker/CVE-2010-4756         dpkg        debian:7          pkgdb               
CVE-2010-4756           libc6-2.13-38+deb7u12                       Negligible        None                     CVE-2010-4756         https://security-tracker.debian.org/tracker/CVE-2010-4756         dpkg        debian:7          pkgdb               
CVE-2010-4756           multiarch-support-2.13-38+deb7u12           Negligible        None                     CVE-2010-4756         https://security-tracker.debian.org/tracker/CVE-2010-4756         dpkg        debian:7          pkgdb               
CVE-2010-4777           perl-5.14.2-21+deb7u5                       Negligible        None                     CVE-2010-4777         https://security-tracker.debian.org/tracker/CVE-2010-4777         dpkg        debian:7          pkgdb               
CVE-2010-4777           perl-base-5.14.2-21+deb7u5                  Negligible        None                     CVE-2010-4777         https://security-tracker.debian.org/tracker/CVE-2010-4777         dpkg        debian:7          pkgdb               
CVE-2010-4777           perl-modules-5.14.2-21+deb7u5               Negligible        None                     CVE-2010-4777         https://security-tracker.debian.org/tracker/CVE-2010-4777         dpkg        debian:7          pkgdb               
CVE-2011-3374           apt-0.9.7.9+deb7u7                          Negligible        None                     CVE-2011-3374         https://security-tracker.debian.org/tracker/CVE-2011-3374         dpkg        debian:7          pkgdb               
CVE-2011-3374           libapt-pkg4.12-0.9.7.9+deb7u7               Negligible        None                     CVE-2011-3374         https://security-tracker.debian.org/tracker/CVE-2011-3374         dpkg        debian:7          pkgdb               
CVE-2011-4116           perl-5.14.2-21+deb7u5                       Negligible        None                     CVE-2011-4116         https://security-tracker.debian.org/tracker/CVE-2011-4116         dpkg        debian:7          pkgdb               
CVE-2011-4116           perl-base-5.14.2-21+deb7u5                  Negligible        None                     CVE-2011-4116         https://security-tracker.debian.org/tracker/CVE-2011-4116         dpkg        debian:7          pkgdb               
CVE-2011-4116           perl-modules-5.14.2-21+deb7u5               Negligible        None                     CVE-2011-4116         https://security-tracker.debian.org/tracker/CVE-2011-4116         dpkg        debian:7          pkgdb               
CVE-2011-4415           apache2-2.2.22-13+deb7u12                   Negligible        None                     CVE-2011-4415         https://security-tracker.debian.org/tracker/CVE-2011-4415         dpkg        debian:7          pkgdb               
CVE-2011-4415           apache2-mpm-worker-2.2.22-13+deb7u12        Negligible        None                     CVE-2011-4415         https://security-tracker.debian.org/tracker/CVE-2011-4415         dpkg        debian:7          pkgdb               
CVE-2011-4415           apache2-utils-2.2.22-13+deb7u12             Negligible        None                     CVE-2011-4415         https://security-tracker.debian.org/tracker/CVE-2011-4415         dpkg        debian:7          pkgdb               
CVE-2011-4415           apache2.2-bin-2.2.22-13+deb7u12             Negligible        None                     CVE-2011-4415         https://security-tracker.debian.org/tracker/CVE-2011-4415         dpkg        debian:7          pkgdb               
CVE-2011-4415           apache2.2-common-2.2.22-13+deb7u12          Negligible        None                     CVE-2011-4415         https://security-tracker.debian.org/tracker/CVE-2011-4415         dpkg        debian:7          pkgdb               
CVE-2013-0340           libexpat1-2.1.0-1+deb7u5                    Negligible        None                     CVE-2013-0340         https://security-tracker.debian.org/tracker/CVE-2013-0340         dpkg        debian:7          pkgdb               
CVE-2013-4235           login-1:4.1.5.1-1+deb7u1                    Negligible        None                     CVE-2013-4235         https://security-tracker.debian.org/tracker/CVE-2013-4235         dpkg        debian:7          pkgdb               
CVE-2013-4235           passwd-1:4.1.5.1-1+deb7u1                   Negligible        None                     CVE-2013-4235         https://security-tracker.debian.org/tracker/CVE-2013-4235         dpkg        debian:7          pkgdb               
CVE-2015-2325           libpcre3-1:8.30-5                           Negligible        None                     CVE-2015-2325         https://security-tracker.debian.org/tracker/CVE-2015-2325         dpkg        debian:7          pkgdb               
CVE-2015-3276           libldap-2.4-2-2.4.31-2+deb7u3               Negligible        None                     CVE-2015-3276         https://security-tracker.debian.org/tracker/CVE-2015-3276         dpkg        debian:7          pkgdb               
CVE-2015-5218           libblkid1-2.20.1-5.3                        Negligible        None                     CVE-2015-5218         https://security-tracker.debian.org/tracker/CVE-2015-5218         dpkg        debian:7          pkgdb               
CVE-2015-5218           libmount1-2.20.1-5.3                        Negligible        None                     CVE-2015-5218         https://security-tracker.debian.org/tracker/CVE-2015-5218         dpkg        debian:7          pkgdb               
CVE-2015-5218           libuuid1-2.20.1-5.3                         Negligible        None                     CVE-2015-5218         https://security-tracker.debian.org/tracker/CVE-2015-5218         dpkg        debian:7          pkgdb               
CVE-2015-5218           mount-2.20.1-5.3                            Negligible        None                     CVE-2015-5218         https://security-tracker.debian.org/tracker/CVE-2015-5218         dpkg        debian:7          pkgdb               
CVE-2015-5218           util-linux-2.20.1-5.3                       Negligible        None                     CVE-2015-5218         https://security-tracker.debian.org/tracker/CVE-2015-5218         dpkg        debian:7          pkgdb               
CVE-2015-5224           libblkid1-2.20.1-5.3                        Negligible        None                     CVE-2015-5224         https://security-tracker.debian.org/tracker/CVE-2015-5224         dpkg        debian:7          pkgdb               
CVE-2015-5224           libmount1-2.20.1-5.3                        Negligible        None                     CVE-2015-5224         https://security-tracker.debian.org/tracker/CVE-2015-5224         dpkg        debian:7          pkgdb               
CVE-2015-5224           libuuid1-2.20.1-5.3                         Negligible        None                     CVE-2015-5224         https://security-tracker.debian.org/tracker/CVE-2015-5224         dpkg        debian:7          pkgdb               
CVE-2015-5224           mount-2.20.1-5.3                            Negligible        None                     CVE-2015-5224         https://security-tracker.debian.org/tracker/CVE-2015-5224         dpkg        debian:7          pkgdb               
CVE-2015-5224           util-linux-2.20.1-5.3                       Negligible        None                     CVE-2015-5224         https://security-tracker.debian.org/tracker/CVE-2015-5224         dpkg        debian:7          pkgdb               
CVE-2016-0634           bash-4.2+dfsg-0.1+deb7u4                    Negligible        None                     CVE-2016-0634         https://security-tracker.debian.org/tracker/CVE-2016-0634         dpkg        debian:7          pkgdb               
CVE-2017-11164          libpcre3-1:8.30-5                           Negligible        None                     CVE-2017-11164        https://security-tracker.debian.org/tracker/CVE-2017-11164        dpkg        debian:7          pkgdb               
CVE-2017-13685          libsqlite3-0-3.7.13-1+deb7u4                Negligible        None                     CVE-2017-13685        https://security-tracker.debian.org/tracker/CVE-2017-13685        dpkg        debian:7          pkgdb               
CVE-2017-14159          libldap-2.4-2-2.4.31-2+deb7u3               Negligible        None                     CVE-2017-14159        https://security-tracker.debian.org/tracker/CVE-2017-14159        dpkg        debian:7          pkgdb               
CVE-2017-16231          libpcre3-1:8.30-5                           Negligible        None                     CVE-2017-16231        https://security-tracker.debian.org/tracker/CVE-2017-16231        dpkg        debian:7          pkgdb               
CVE-2017-17740          libldap-2.4-2-2.4.31-2+deb7u3               Negligible        None                     CVE-2017-17740        https://security-tracker.debian.org/tracker/CVE-2017-17740        dpkg        debian:7          pkgdb               
CVE-2017-18018          coreutils-8.13-3.5                          Negligible        None                     CVE-2017-18018        https://security-tracker.debian.org/tracker/CVE-2017-18018        dpkg        debian:7          pkgdb               
CVE-2017-2616           coreutils-8.13-3.5                          Negligible        None                     CVE-2017-2616         https://security-tracker.debian.org/tracker/CVE-2017-2616         dpkg        debian:7          pkgdb               
CVE-2017-2616           libblkid1-2.20.1-5.3                        Negligible        None                     CVE-2017-2616         https://security-tracker.debian.org/tracker/CVE-2017-2616         dpkg        debian:7          pkgdb               
CVE-2017-2616           libmount1-2.20.1-5.3                        Negligible        None                     CVE-2017-2616         https://security-tracker.debian.org/tracker/CVE-2017-2616         dpkg        debian:7          pkgdb               
CVE-2017-2616           libuuid1-2.20.1-5.3                         Negligible        None                     CVE-2017-2616         https://security-tracker.debian.org/tracker/CVE-2017-2616         dpkg        debian:7          pkgdb               
CVE-2017-2616           mount-2.20.1-5.3                            Negligible        None                     CVE-2017-2616         https://security-tracker.debian.org/tracker/CVE-2017-2616         dpkg        debian:7          pkgdb               
CVE-2017-2616           util-linux-2.20.1-5.3                       Negligible        None                     CVE-2017-2616         https://security-tracker.debian.org/tracker/CVE-2017-2616         dpkg        debian:7          pkgdb               
CVE-2017-8283           dpkg-1.16.18                                Negligible        None                     CVE-2017-8283         https://security-tracker.debian.org/tracker/CVE-2017-8283         dpkg        debian:7          pkgdb               
CVE-2018-6829           gnupg-1.4.12-7+deb7u9                       Negligible        None                     CVE-2018-6829         https://security-tracker.debian.org/tracker/CVE-2018-6829         dpkg        debian:7          pkgdb               
CVE-2018-6829           gpgv-1.4.12-7+deb7u9                        Negligible        None                     CVE-2018-6829         https://security-tracker.debian.org/tracker/CVE-2018-6829         dpkg        debian:7          pkgdb               
CVE-2018-6829           libgcrypt11-1.5.0-5+deb7u6                  Negligible        None                     CVE-2018-6829         https://security-tracker.debian.org/tracker/CVE-2018-6829         dpkg        debian:7          pkgdb               
CVE-2016-7056           libssl1.0.0-1.0.1e-2                        Unknown           1.0.1t-1+deb7u2          CVE-2016-7056         https://security-tracker.debian.org/tracker/CVE-2016-7056         dpkg        debian:7          pkgdb               
CVE-2016-7056           openssl-1.0.1e-2                            Unknown           1.0.1t-1+deb7u2          CVE-2016-7056         https://security-tracker.debian.org/tracker/CVE-2016-7056         dpkg        debian:7          pkgdb               
CVE-2018-1122           libprocps0-1:3.3.3-3                        Unknown           None                     CVE-2018-1122         https://security-tracker.debian.org/tracker/CVE-2018-1122         dpkg        debian:7          pkgdb               
CVE-2018-1122           procps-1:3.3.3-3                            Unknown           None                     CVE-2018-1122         https://security-tracker.debian.org/tracker/CVE-2018-1122         dpkg        debian:7          pkgdb               
CVE-2018-1123           libprocps0-1:3.3.3-3                        Unknown           None                     CVE-2018-1123         https://security-tracker.debian.org/tracker/CVE-2018-1123         dpkg        debian:7          pkgdb               
CVE-2018-1123           procps-1:3.3.3-3                            Unknown           None                     CVE-2018-1123         https://security-tracker.debian.org/tracker/CVE-2018-1123         dpkg        debian:7          pkgdb               
CVE-2018-11236          libc-bin-2.13-38+deb7u12                    Unknown           None                     CVE-2018-11236        https://security-tracker.debian.org/tracker/CVE-2018-11236        dpkg        debian:7          pkgdb               
CVE-2018-11236          libc6-2.13-38+deb7u12                       Unknown           None                     CVE-2018-11236        https://security-tracker.debian.org/tracker/CVE-2018-11236        dpkg        debian:7          pkgdb               
CVE-2018-11236          multiarch-support-2.13-38+deb7u12           Unknown           None                     CVE-2018-11236        https://security-tracker.debian.org/tracker/CVE-2018-11236        dpkg        debian:7          pkgdb               
CVE-2018-11237          libc-bin-2.13-38+deb7u12                    Unknown           None                     CVE-2018-11237        https://security-tracker.debian.org/tracker/CVE-2018-11237        dpkg        debian:7          pkgdb               
CVE-2018-11237          libc6-2.13-38+deb7u12                       Unknown           None                     CVE-2018-11237        https://security-tracker.debian.org/tracker/CVE-2018-11237        dpkg        debian:7          pkgdb               
CVE-2018-11237          multiarch-support-2.13-38+deb7u12           Unknown           None                     CVE-2018-11237        https://security-tracker.debian.org/tracker/CVE-2018-11237        dpkg        debian:7          pkgdb               
CVE-2018-1124           libprocps0-1:3.3.3-3                        Unknown           None                     CVE-2018-1124         https://security-tracker.debian.org/tracker/CVE-2018-1124         dpkg        debian:7          pkgdb               
CVE-2018-1124           procps-1:3.3.3-3                            Unknown           None                     CVE-2018-1124         https://security-tracker.debian.org/tracker/CVE-2018-1124         dpkg        debian:7          pkgdb               
CVE-2018-1125           libprocps0-1:3.3.3-3                        Unknown           None                     CVE-2018-1125         https://security-tracker.debian.org/tracker/CVE-2018-1125         dpkg        debian:7          pkgdb               
CVE-2018-1125           procps-1:3.3.3-3                            Unknown           None                     CVE-2018-1125         https://security-tracker.debian.org/tracker/CVE-2018-1125         dpkg        debian:7          pkgdb               
CVE-2018-1126           libprocps0-1:3.3.3-3                        Unknown           None                     CVE-2018-1126         https://security-tracker.debian.org/tracker/CVE-2018-1126         dpkg        debian:7          pkgdb               
CVE-2018-1126           procps-1:3.3.3-3                            Unknown           None                     CVE-2018-1126         https://security-tracker.debian.org/tracker/CVE-2018-1126         dpkg        debian:7          pkgdb               
